[2015.08.04-01.36.31:854][  0]Log file open, 08/03/15 22:36:31
[2015.08.04-01.36.31:854][  0]LogInit:Display: Running engine for game: ProjetoNovaInvision
[2015.08.04-01.36.31:854][  0]LogInit:Display: RandInit(-1802566263) SRandInit(-1802566263).
[2015.08.04-01.36.31:854][  0]LogTaskGraph: Started task graph with 4 named threads and 7 total threads.
[2015.08.04-01.36.31:854][  0]LogStats: Stats thread started
[2015.08.04-01.36.31:855][  0]LogInit: Version: 4.8.3-2634408+++depot+UE4-Releases+4.8
[2015.08.04-01.36.31:855][  0]LogInit: API Version: 2579680
[2015.08.04-01.36.31:855][  0]LogInit: Compiled (64-bit): Jul 27 2015 16:24:33
[2015.08.04-01.36.31:855][  0]LogInit: Compiled with Visual C++: 18.00.21005.01
[2015.08.04-01.36.31:855][  0]LogInit: Build Configuration: Development
[2015.08.04-01.36.31:855][  0]LogInit: Branch Name: ++depot+UE4-Releases+4.8
[2015.08.04-01.36.31:855][  0]LogInit: Command line: 
[2015.08.04-01.36.31:855][  0]LogInit: Base directory: D:/Arquivos de Programas/Epic Games/4.8/Engine/Binaries/Win64/
[2015.08.04-01.36.31:855][  0]LogInit: Rocket: 1
[2015.08.04-01.36.31:862][  0]LogInit: Using libcurl 7.41.0
[2015.08.04-01.36.31:862][  0]LogInit:  - built for x86_64-pc-win32
[2015.08.04-01.36.31:862][  0]LogInit:  - supports SSL with WinSSL
[2015.08.04-01.36.31:862][  0]LogInit:  - other features:
[2015.08.04-01.36.31:862][  0]LogInit:      CURL_VERSION_SSL
[2015.08.04-01.36.31:862][  0]LogInit:      CURL_VERSION_IPV6
[2015.08.04-01.36.31:862][  0]LogInit:      CURL_VERSION_ASYNCHDNS
[2015.08.04-01.36.31:862][  0]LogInit:      CURL_VERSION_LARGEFILE
[2015.08.04-01.36.31:862][  0]LogInit:      CURL_VERSION_IDN
[2015.08.04-01.36.31:862][  0]LogInit:  CurlRequestOptions (configurable via config and command line):
[2015.08.04-01.36.31:862][  0]LogInit:  - bVerifyPeer = true  - Libcurl will verify peer certificate
[2015.08.04-01.36.31:862][  0]LogInit:  - bUseHttpProxy = false  - Libcurl will NOT use HTTP proxy
[2015.08.04-01.36.31:862][  0]LogInit:  - bDontReuseConnections = false  - Libcurl will reuse connections
[2015.08.04-01.36.31:862][  0]LogInit:  - CertBundlePath = nullptr  - Libcurl will use whatever was configured at build time.
[2015.08.04-01.36.31:868][  0]LogOnline:Warning: No default platform service specified for OnlineSubsystem
[2015.08.04-01.36.31:877][  0]LogInit: Presizing for 0 objects not considered by GC, pre-allocating 0 bytes.
[2015.08.04-01.36.31:882][  0]LogInit: Object subsystem initialized
[2015.08.04-01.36.31:883][  0]LogConsoleResponse:Warning: Skipping Unknown console variable: 'TranslucentSortAxis = (X=0.000000,Y=-1.000000,Z=0.000000)'
[2015.08.04-01.36.31:883][  0]LogConsoleResponse:Warning:   Found in ini file 'C:/Users/JPDante/Documents/Unreal Projects/ProjetoNovaInvision/Saved/Config/Windows/Engine.ini', in section '[/Script/Engine.RendererSettings]'
[2015.08.04-01.36.31:883][  0]LogConsoleResponse:Warning: Skipping Unknown console variable: 'UIScaleRule = ShortestSide'
[2015.08.04-01.36.31:883][  0]LogConsoleResponse:Warning:   Found in ini file 'C:/Users/JPDante/Documents/Unreal Projects/ProjetoNovaInvision/Saved/Config/Windows/Engine.ini', in section '[/Script/Engine.RendererSettings]'
[2015.08.04-01.36.31:883][  0]LogConsoleResponse:Warning: Skipping Unknown console variable: 'UIScaleCurve = (EditorCurveData=(Keys=),ExternalCurve=None)'
[2015.08.04-01.36.31:883][  0]LogConsoleResponse:Warning:   Found in ini file 'C:/Users/JPDante/Documents/Unreal Projects/ProjetoNovaInvision/Saved/Config/Windows/Engine.ini', in section '[/Script/Engine.RendererSettings]'
[2015.08.04-01.36.31:883][  0]LogInit: Selected Device Profile: [Windows]
[2015.08.04-01.36.31:883][  0]LogInit: Applying CVar settings loaded from the selected device profile: [Windows]
[2015.08.04-01.36.31:887][  0]LogInit: Computer: JPDANTE-PC
[2015.08.04-01.36.31:887][  0]LogInit: User: JPDante
[2015.08.04-01.36.31:887][  0]LogInit: CPU Page size=4096, Cores=4
[2015.08.04-01.36.31:887][  0]LogInit: High frequency timer resolution =3.513613 MHz
[2015.08.04-01.36.31:887][  0]LogMemory: Memory total: Physical=15.9GB (16GB approx)
[2015.08.04-01.36.31:887][  0]LogMemory: Platform Memory Stats for Windows
[2015.08.04-01.36.31:887][  0]LogMemory: Process Physical Memory: 49.95 MB used, 49.95 MB peak
[2015.08.04-01.36.31:887][  0]LogMemory: Process Virtual Memory: 26.30 MB used, 26.30 MB peak
[2015.08.04-01.36.31:887][  0]LogMemory: Physical Memory: 7002.93 MB used, 16325.81 MB total
[2015.08.04-01.36.31:887][  0]LogMemory: Virtual Memory: 285.04 MB used, 8388608.00 MB total
[2015.08.04-01.36.32:023][  0]LogTextLocalizationManager:Warning: Loaded localization resources contain conflicting entries for (Namespace:ContentBrowser, Key:ImportAssetToolTip):
Localization Resource: (D:/Arquivos de Programas/Epic Games/4.8/Engine/Content/Localization/Editor/pt-BR/Editor.locres) Source String Hash: (-630476809) Localized String: (Importar para {0}...)
Localization Resource: (D:/Arquivos de Programas/Epic Games/4.8/Engine/Content/Localization/Editor/pt-BR/Editor.locres) Source String Hash: (1271782899) Localized String: (Importa um ativo do arquivo para essa pasta.)
[2015.08.04-01.36.32:308][  0]LogD3D11RHI: Found D3D11 adapter 0: NVIDIA GeForce GTX 970 (Feature Level 11_0)
[2015.08.04-01.36.32:308][  0]LogD3D11RHI: Adapter has 4008MB of dedicated video memory, 0MB of dedicated system memory, and 7906MB of shared system memory, 1 output[s]
[2015.08.04-01.36.32:308][  0]LogD3D11RHI: Chosen D3D11 Adapter Id = 0
[2015.08.04-01.36.32:311][  0]LogD3D11RHI: InitD3DDevice
[2015.08.04-01.36.32:311][  0]LogD3D11RHI: !Direct3DDevice
[2015.08.04-01.36.32:311][  0]LogRHI: Texture pool is 1361 MB (70% of 1945 MB)
[2015.08.04-01.36.32:317][  0]LogD3D11RHI: Async texture creation enabled
[2015.08.04-01.36.32:330][  0]LogShaderCompilers:Display: Using Local Shader Compiler.
[2015.08.04-01.36.33:007][  0]LogTemp:Display: Loaded TP DesktopTargetPlatform
[2015.08.04-01.36.33:015][  0]LogTemp:Display: Loaded TP WindowsClientTargetPlatform
[2015.08.04-01.36.33:024][  0]LogTemp:Display: Loaded TP WindowsNoEditorTargetPlatform
[2015.08.04-01.36.33:033][  0]LogTemp:Display: Loaded TP WindowsServerTargetPlatform
[2015.08.04-01.36.33:042][  0]LogTemp:Display: Loaded TP WindowsTargetPlatform
[2015.08.04-01.36.33:050][  0]LogTemp:Display: Loaded TP AndroidTargetPlatform
[2015.08.04-01.36.33:058][  0]LogTemp:Display: Loaded TP Android_ASTCTargetPlatform
[2015.08.04-01.36.33:066][  0]LogTemp:Display: Loaded TP Android_ATCTargetPlatform
[2015.08.04-01.36.33:074][  0]LogTemp:Display: Loaded TP Android_DXTTargetPlatform
[2015.08.04-01.36.33:081][  0]LogTemp:Display: Loaded TP Android_ETC1TargetPlatform
[2015.08.04-01.36.33:089][  0]LogTemp:Display: Loaded TP Android_ETC2TargetPlatform
[2015.08.04-01.36.33:097][  0]LogTemp:Display: Loaded TP Android_PVRTCTargetPlatform
[2015.08.04-01.36.33:129][  0]LogTemp:Display: Loaded TP IOSTargetPlatform
[2015.08.04-01.36.33:136][  0]LogTemp:Display: Loaded TP LinuxNoEditorTargetPlatform
[2015.08.04-01.36.33:144][  0]LogTemp:Display: Loaded TP LinuxServerTargetPlatform
[2015.08.04-01.36.33:153][  0]LogTemp:Display: Loaded TP LinuxTargetPlatform
[2015.08.04-01.36.33:153][  0]LogTargetPlatformManager:Display: Building Assets For Windows
[2015.08.04-01.36.33:275][  0]LogDerivedDataCache:Display: Max Cache Size: 512 MB
[2015.08.04-01.36.33:316][  0]LogDerivedDataCache: Loaded boot cache 0.04s 53MB C:/Users/JPDante/AppData/Local/UnrealEngine/4.8/DerivedDataCache/Boot.ddc.
[2015.08.04-01.36.33:316][  0]LogDerivedDataCache:Display: Loaded Boot cache: C:/Users/JPDante/AppData/Local/UnrealEngine/4.8/DerivedDataCache/Boot.ddc
[2015.08.04-01.36.33:316][  0]LogDerivedDataCache: FDerivedDataBackendGraph:  Pak pak cache file C:/Users/JPDante/Documents/Unreal Projects/ProjetoNovaInvision/DerivedDataCache/DDC.ddp not found, will not use a pak cache.
[2015.08.04-01.36.33:316][  0]LogDerivedDataCache: Unable to find inner node Pak for hierarchical cache Hierarchy.
[2015.08.04-01.36.33:316][  0]LogDerivedDataCache: FDerivedDataBackendGraph:  CompressedPak pak cache file C:/Users/JPDante/Documents/Unreal Projects/ProjetoNovaInvision/DerivedDataCache/Compressed.ddp not found, will not use a pak cache.
[2015.08.04-01.36.33:316][  0]LogDerivedDataCache: Unable to find inner node CompressedPak for hierarchical cache Hierarchy.
[2015.08.04-01.36.33:439][  0]LogDerivedDataCache:Display: Pak cache opened for reading ../../../Engine/DerivedDataCache/Compressed.ddp.
[2015.08.04-01.36.33:450][  0]LogDerivedDataCache: Using Local data cache path C:/Users/JPDante/AppData/Local/UnrealEngine/Common/DerivedDataCache: Writable
[2015.08.04-01.36.33:598][  0]LogInit: Selected Device Profile: [Windows]
[2015.08.04-01.36.33:603][  0]ImportText (ComponentSweepMultiTests): Missing closing parenthesis: (RootShapeAsset="/Engine/BasicShapes/Cube.Cube",ShapeType="TriggerCapsule",HitResult=(Time=0.50,Location=(X=-100.000015,Y=0.0,Z=100.000015),ImpactPoint=(X=-50.0,Y=0.0,Z=50.0),Normal=(X=-1.0,Y=-0.0,Z=0.0),ImpactNormal=(X=0.0,Y=0.0,Z=1.0),TraceStart=(X=-200.0,Y=0.0,Z=200.0),TraceEnd=(X=0.0,Y=0.0,Z=0.0))
[2015.08.04-01.36.33:604][  0]ImportText (LineTraceSingleByChannelTests): Missing closing parenthesis: (RootShapeAsset="/Engine/BasicShapes/Cube.Cube",HitResult=(Time=0.50,Location=(X=-100.000015,Y=0.0,Z=100.000015),ImpactPoint=(X=-50.0,Y=0.0,Z=50.0),Normal=(X=-1.0,Y=-0.0,Z=0.0),ImpactNormal=(X=0.0,Y=0.0,Z=1.0),TraceStart=(X=-200.0,Y=0.0,Z=200.0),TraceEnd=(X=0.0,Y=0.0,Z=0.0))
[2015.08.04-01.36.33:620][  0]LogMeshUtilities: No automatic mesh reduction module available
[2015.08.04-01.36.33:620][  0]LogMeshUtilities: No automatic mesh merging module available
[2015.08.04-01.36.33:923][  0]LogInit: WinSock: version 1.1 (2.2), MaxSocks=32767, MaxUdp=65467
[2015.08.04-01.36.34:608][  0]UdpMessaging: Initializing bridge on interface 0.0.0.0:0 to multicast group 230.0.0.1:6666.
[2015.08.04-01.36.34:839][  0]SourceControl: Informações Controle de origem desativado
[2015.08.04-01.36.34:848][  0]SourceControl: Informações Controle de origem desativado
[2015.08.04-01.36.34:854][  0]SourceControl: Informações Controle de origem desativado
[2015.08.04-01.36.34:859][  0]SourceControl: Informações Controle de origem desativado
[2015.08.04-01.36.34:993][  0]LogObj: 26273 objects as part of root set at end of initial load.
[2015.08.04-01.36.34:993][  0]LogUObjectAllocator: 5409248 out of 0 bytes used by permanent object pool.
[2015.08.04-01.36.35:046][  0]LogEngine: Initializing Engine...
[2015.08.04-01.36.35:047][  0]LogHMD: Can't find Oculus library dev build: is proper Runtime installed? Version: 0.6.0.0
[2015.08.04-01.36.35:049][  0]LogHMD:Warning: SteamVR failed to initialize.  Error: 110
[2015.08.04-01.36.35:153][  0]LogAIModule: Creating AISystem for world NewWorld
[2015.08.04-01.36.35:158][  0]LogInit: XAudio2 using 'Fone de ouvido do headset (3- Microsoft LifeChat LX-3000 )' : 2 channels at 44.1 kHz using 16 bits per sample (channel mask 0x3)
[2015.08.04-01.36.35:178][  0]LogInit: FAudioDevice initialized.
[2015.08.04-01.36.35:203][  0]LogDerivedDataCache: Saved boot cache 0.02s 53MB C:/Users/JPDante/AppData/Local/UnrealEngine/4.8/DerivedDataCache/Boot.ddc.
[2015.08.04-01.36.35:206][  0]LogInit: Texture streaming: Disabled
[2015.08.04-01.36.35:219][  0]LogAnalytics: Creating configured Analytics provider AnalyticsET
[2015.08.04-01.36.35:219][  0]LogAnalytics: [UEEditor.Rocket.Release] APIServer = http://et2.epicgames.com/ET2/. AppVersion = 4.8.3-2634408+++depot+UE4-Releases+4.8
[2015.08.04-01.36.35:219][  0]LogAnalytics: [UEEditor.Rocket.Release] SetUserId 4a66fd0540d6b6b144f50c8298ead523|fd05f1f634924f5c925956f93d7f88cc|42df5346-4dcd-44e8-a5bc-d5679f5295e6
[2015.08.04-01.36.35:220][  0]LogAnalytics: [UEEditor.Rocket.Release] AnalyticsET::StartSession
[2015.08.04-01.36.35:252][  0]LogInit: Transaction tracking system initialized
[2015.08.04-01.36.35:325][  0]BlueprintLog: New page: Carregar Editor
[2015.08.04-01.36.35:349][  0]LogAssetRegistry: FAssetRegistry took 0.0101 seconds to start up
[2015.08.04-01.36.35:349][  0]LogDirectoryWatcher:Warning: Failed to begin reading directory changes for ../../../Engine/Plugins/Experimental/CharacterAI/Content/. Error: 0
[2015.08.04-01.36.35:732][  0]LogConsoleManager:Warning: Console variable 'r.VSync' wasn't set ('GameSetting' has a lower priority than 'SystemSettingsIni')
[2015.08.04-01.36.35:732][  0]LogConsoleResponse:Display: 
[2015.08.04-01.36.35:952][  0]LogCook:Display: Done creating registry. It took  0.00s.
[2015.08.04-01.36.36:074][  0]SourceControl: Informações Controle de origem desativado
[2015.08.04-01.36.36:074][  0]Cmd: MAP LOAD FILE="C:/Users/JPDante/Documents/Unreal Projects/ProjetoNovaInvision/Content/Projeto/NewWorld.umap" TEMPLATE=0 SHOWPROGRESS=1 FEATURELEVEL=3
[2015.08.04-01.36.36:074][  0]LightingResults: New page: Compilação de Iluminação
[2015.08.04-01.36.36:082][  0]MapCheck: New page: Verificação de Mapa
[2015.08.04-01.36.36:082][  0]LightingResults: New page: Compilação de Iluminação
[2015.08.04-01.36.36:090][  0]LogParticles: Destroying 0 GPU particle simulations for FXSystem 0x000000001E3F3B00
[2015.08.04-01.36.37:446][  0]LogAIModule: Creating AISystem for world NewWorld
[2015.08.04-01.36.37:450][  0]LogEditorServer: Finished looking for orphan Actors (0.000 secs)
[2015.08.04-01.36.37:451][  0]Cmd: MAP CHECKDEP NOCLEARLOG
[2015.08.04-01.36.37:481][  0]MapCheck: Informações Map check complete: 0 Error(s), 0 Warning(s), took 30,072ms to complete.
[2015.08.04-01.36.37:481][  0]LogFileHelpers: Loading map 'NewWorld' took 1.408
[2015.08.04-01.36.38:087][  0]LogCollectionManager: Loaded 0 collections in 0.000971 seconds
[2015.08.04-01.36.38:103][  0]LogContentBrowser: Native class hierarchy populated in 0.0155 seconds. Added 1792 classes and 301 folders.
[2015.08.04-01.36.38:401][  0]LogContentBrowser: Native class hierarchy updated for 'WidgetCarousel' in 0.0003 seconds. Added 0 classes and 0 folders.
[2015.08.04-01.36.38:753][  0]LogContentBrowser: Native class hierarchy updated for 'AddContentDialog' in 0.0003 seconds. Added 0 classes and 0 folders.
[2015.08.04-01.36.38:844][  0]LogContentBrowser: Native class hierarchy updated for 'SceneOutliner' in 0.0003 seconds. Added 1 classes and 2 folders.
[2015.08.04-01.36.39:986][  0]LogCrashTracker: Crashtracker disabled due to settings.
[2015.08.04-01.36.40:077][  0]LogD3D11RHI: InitD3DDevice
[2015.08.04-01.36.40:092][  0]LogUObjectGlobals:Warning: Falha ao encontrar objeto “Class Nenhum.”
[2015.08.04-01.36.40:139][  0]LogLoad: Full Startup: 9.25 seconds (BP compile: 0.48 seconds)
[2015.08.04-01.36.40:396][  0]LogContentStreaming: Texture pool size is 0.000000MB
[2015.08.04-01.36.40:412][  0]LogContentStreaming: Texture pool size now 1000 MB
[2015.08.04-01.36.41:076][  0]LogRenderer: Reallocating scene render targets to support 1208x576 (Frame:2).
[2015.08.04-01.36.41:482][  5]LogAssetRegistry: Asset discovery search completed in 6.1438 seconds
[2015.08.04-01.36.41:866][ 46]LogD3D11RHI: InitD3DDevice
[2015.08.04-01.37.17:218][ 21]LogEditorViewport: Clicking on Actor (LMB): DirectionalLight (DirectionalLight)
[2015.08.04-01.37.18:170][126]LogD3D11RHI: InitD3DDevice
[2015.08.04-01.37.18:811][203]EditorErrors: New page: Actor attachment
[2015.08.04-01.37.22:251][611]LogD3D11RHI: InitD3DDevice
[2015.08.04-01.37.25:905][ 36]LogD3D11RHI: InitD3DDevice
[2015.08.04-01.37.28:887][394]EditorErrors: New page: Actor attachment
[2015.08.04-01.37.30:691][606]LogD3D11RHI: InitD3DDevice
[2015.08.04-01.37.41:974][944]LogD3D11RHI: InitD3DDevice
[2015.08.04-01.37.45:114][316]LogEditorViewport: Clicking on Actor (LMB): DirectionalLight (DirectionalLight)
[2015.08.04-01.38.04:130][567]LogEditorViewport: Clicking on Actor (LMB): SkyLight (SkyLight)
[2015.08.04-01.38.11:434][436]LogEditorViewport: Clicking on Actor (LMB): BP_Sky_Sphere_C (BP_Sky_Sphere)
[2015.08.04-01.38.22:237][710]LogD3D11RHI: InitD3DDevice
[2015.08.04-01.38.22:254][710]Cmd: OBJ SAVEPACKAGE PACKAGE="/Game/Projeto/NewWorld" FILE="C:/Users/JPDante/Documents/Unreal Projects/ProjetoNovaInvision/Content/Projeto/NewWorld.umap" SILENT=true AUTOSAVING=false KEEPDIRTY=false
[2015.08.04-01.38.22:263][710]LogActorComponent: UnregisterComponent: (/Engine/Transient.CharMoveComp) Not registered. Aborting.
[2015.08.04-01.38.22:362][710]LogSavePackage: Save=26.474173ms
[2015.08.04-01.38.22:362][710]LogSavePackage: Moving 'C:/Users/JPDante/Documents/Unreal Projects/ProjetoNovaInvision/Saved/NewWorld28D1743042CB4694EBA89DB562065E2A.tmp' to 'C:/Users/JPDante/Documents/Unreal Projects/ProjetoNovaInvision/Content/Projeto/NewWorld.umap'
[2015.08.04-01.38.50:164][888]LogD3D11RHI: InitD3DDevice
[2015.08.04-01.38.50:975][980]LogD3D11RHI: InitD3DDevice
[2015.08.04-01.38.54:576][409]LogD3D11RHI: InitD3DDevice
[2015.08.04-01.38.55:599][520]LogD3D11RHI: InitD3DDevice
[2015.08.04-01.38.57:678][769]LogD3D11RHI: InitD3DDevice
[2015.08.04-01.39.02:739][374]LogD3D11RHI: InitD3DDevice
[2015.08.04-01.39.03:323][442]LogD3D11RHI: InitD3DDevice
[2015.08.04-01.39.05:801][738]LogD3D11RHI: InitD3DDevice
[2015.08.04-01.39.09:056][126]LogD3D11RHI: InitD3DDevice
[2015.08.04-01.39.09:306][155]LogD3D11RHI: InitD3DDevice
[2015.08.04-01.39.11:522][419]LogD3D11RHI: InitD3DDevice
[2015.08.04-01.39.17:973][180]LogD3D11RHI: InitD3DDevice
[2015.08.04-01.39.18:031][180]LogSavePackage: Save=3.401342ms
[2015.08.04-01.39.18:031][180]LogSavePackage: Moving 'C:/Users/JPDante/Documents/Unreal Projects/ProjetoNovaInvision/Saved/BlankWorld107A8F434902DCCBB5407DB2AFA2074E.tmp' to 'C:/Users/JPDante/Documents/Unreal Projects/ProjetoNovaInvision/Content/Projeto/Mapas/Branco/BlankWorld.umap'
[2015.08.04-01.39.18:033][180]LogFileHelpers: Saving map 'BlankWorld' took 0.048
[2015.08.04-01.39.19:135][311]LogD3D11RHI: InitD3DDevice
[2015.08.04-01.39.19:154][311]Cmd: MAP LOAD FILE="C:/Users/JPDante/Documents/Unreal Projects/ProjetoNovaInvision/Content/Projeto/Mapas/Branco/BlankWorld.umap" TEMPLATE=0 SHOWPROGRESS=1 FEATURELEVEL=3
[2015.08.04-01.39.19:154][311]LightingResults: New page: Compilação de Iluminação
[2015.08.04-01.39.19:170][311]LoadErrors: New page: Carregando mapa: BlankWorld.umap
[2015.08.04-01.39.19:170][311]MapCheck: New page: Verificação de Mapa
[2015.08.04-01.39.19:170][311]LightingResults: New page: Compilação de Iluminação
[2015.08.04-01.39.19:177][311]LogParticles: Destroying 0 GPU particle simulations for FXSystem 0x000000000F4CA160
[2015.08.04-01.39.19:211][311]LogParticles: Destroying 0 GPU particle simulations for FXSystem 0x000000000E8FCEA0
[2015.08.04-01.39.19:218][311]LogAIModule: Creating AISystem for world BlankWorld
[2015.08.04-01.39.19:238][311]LogEditorServer: Finished looking for orphan Actors (0.000 secs)
[2015.08.04-01.39.19:253][311]Cmd: MAP CHECKDEP NOCLEARLOG
[2015.08.04-01.39.19:287][311]MapCheck: Informações Map check complete: 0 Error(s), 0 Warning(s), took 33,206ms to complete.
[2015.08.04-01.39.19:287][311]LogFileHelpers: Loading map 'BlankWorld' took 0.134
[2015.08.04-01.39.22:301][668]LogD3D11RHI: InitD3DDevice
[2015.08.04-01.39.23:722][838]LogD3D11RHI: InitD3DDevice
[2015.08.04-01.39.23:736][838]LogActorComponent: UnregisterComponent: (/Engine/Transient.CharMoveComp) Not registered. Aborting.
[2015.08.04-01.39.23:754][838]LogSavePackage: Save=3.535961ms
[2015.08.04-01.39.23:754][838]LogSavePackage: Moving 'C:/Users/JPDante/Documents/Unreal Projects/ProjetoNovaInvision/Saved/BlankWorld8E8DF70241269C97A23A8D89DB39CB1C.tmp' to 'C:/Users/JPDante/Documents/Unreal Projects/ProjetoNovaInvision/Content/Projeto/Mapas/Branco/BlankWorld.umap'
[2015.08.04-01.39.25:561][ 53]LogD3D11RHI: InitD3DDevice
[2015.08.04-01.39.25:577][ 53]Cmd: MAP LOAD FILE="C:/Users/JPDante/Documents/Unreal Projects/ProjetoNovaInvision/Content/Projeto/Mapas/Branco/BlankWorld.umap" TEMPLATE=0 SHOWPROGRESS=1 FEATURELEVEL=3
[2015.08.04-01.39.25:577][ 53]LightingResults: New page: Compilação de Iluminação
[2015.08.04-01.39.25:593][ 53]LoadErrors: New page: Carregando mapa: BlankWorld.umap
[2015.08.04-01.39.25:593][ 53]MapCheck: New page: Verificação de Mapa
[2015.08.04-01.39.25:593][ 53]LightingResults: New page: Compilação de Iluminação
[2015.08.04-01.39.25:600][ 53]LogParticles: Destroying 0 GPU particle simulations for FXSystem 0x000000000E8FEC00
[2015.08.04-01.39.25:606][ 53]LogAIModule: Creating AISystem for world BlankWorld
[2015.08.04-01.39.25:631][ 53]LogEditorServer: Finished looking for orphan Actors (0.000 secs)
[2015.08.04-01.39.25:646][ 53]Cmd: MAP CHECKDEP NOCLEARLOG
[2015.08.04-01.39.25:677][ 53]MapCheck: Informações Map check complete: 0 Error(s), 0 Warning(s), took 31,285ms to complete.
[2015.08.04-01.39.25:678][ 53]LogFileHelpers: Loading map 'BlankWorld' took 0.102
[2015.08.04-01.39.26:906][200]LogD3D11RHI: InitD3DDevice
[2015.08.04-01.39.26:908][200]LogActorComponent: UnregisterComponent: (/Engine/Transient.CharMoveComp) Not registered. Aborting.
[2015.08.04-01.39.26:923][200]Cmd: MAP LOAD FILE="C:/Users/JPDante/Documents/Unreal Projects/ProjetoNovaInvision/Content/Projeto/Mapas/Branco/BlankWorld.umap" TEMPLATE=0 SHOWPROGRESS=1 FEATURELEVEL=3
[2015.08.04-01.39.26:923][200]LightingResults: New page: Compilação de Iluminação
[2015.08.04-01.39.26:939][200]LoadErrors: New page: Carregando mapa: BlankWorld.umap
[2015.08.04-01.39.26:939][200]MapCheck: New page: Verificação de Mapa
[2015.08.04-01.39.26:939][200]LightingResults: New page: Compilação de Iluminação
[2015.08.04-01.39.26:952][200]LogParticles: Destroying 0 GPU particle simulations for FXSystem 0x000000000F4CA700
[2015.08.04-01.39.26:953][200]LogAIModule: Creating AISystem for world BlankWorld
[2015.08.04-01.39.26:983][200]LogEditorServer: Finished looking for orphan Actors (0.000 secs)
[2015.08.04-01.39.26:997][200]Cmd: MAP CHECKDEP NOCLEARLOG
[2015.08.04-01.39.27:029][200]MapCheck: Informações Map check complete: 0 Error(s), 0 Warning(s), took 31,071ms to complete.
[2015.08.04-01.39.27:029][200]LogFileHelpers: Loading map 'BlankWorld' took 0.107
[2015.08.04-01.39.27:623][271]LogD3D11RHI: InitD3DDevice
[2015.08.04-01.39.27:624][271]LogActorComponent: UnregisterComponent: (/Engine/Transient.CharMoveComp) Not registered. Aborting.
[2015.08.04-01.39.27:640][271]Cmd: MAP LOAD FILE="C:/Users/JPDante/Documents/Unreal Projects/ProjetoNovaInvision/Content/Projeto/Mapas/Branco/BlankWorld.umap" TEMPLATE=0 SHOWPROGRESS=1 FEATURELEVEL=3
[2015.08.04-01.39.27:640][271]LightingResults: New page: Compilação de Iluminação
[2015.08.04-01.39.27:656][271]LoadErrors: New page: Carregando mapa: BlankWorld.umap
[2015.08.04-01.39.27:656][271]MapCheck: New page: Verificação de Mapa
[2015.08.04-01.39.27:656][271]LightingResults: New page: Compilação de Iluminação
[2015.08.04-01.39.27:663][271]LogParticles: Destroying 0 GPU particle simulations for FXSystem 0x000000000E8FC0E0
[2015.08.04-01.39.27:671][271]LogAIModule: Creating AISystem for world BlankWorld
[2015.08.04-01.39.27:708][271]LogEditorServer: Finished looking for orphan Actors (0.000 secs)
[2015.08.04-01.39.27:726][271]Cmd: MAP CHECKDEP NOCLEARLOG
[2015.08.04-01.39.27:757][271]MapCheck: Informações Map check complete: 0 Error(s), 0 Warning(s), took 31,096ms to complete.
[2015.08.04-01.39.27:757][271]LogFileHelpers: Loading map 'BlankWorld' took 0.118
[2015.08.04-01.39.38:482][557]LogD3D11RHI: InitD3DDevice
[2015.08.04-01.39.39:172][638]LogD3D11RHI: InitD3DDevice
[2015.08.04-01.39.44:053][223]LogD3D11RHI: InitD3DDevice
[2015.08.04-01.39.51:971][171]LogD3D11RHI: InitD3DDevice
[2015.08.04-01.39.52:201][198]LogD3D11RHI: InitD3DDevice
[2015.08.04-01.39.53:070][301]LogD3D11RHI: InitD3DDevice
[2015.08.04-01.39.53:091][303]LogD3D11RHI: InitD3DDevice
[2015.08.04-01.39.53:758][382]LogD3D11RHI: InitD3DDevice
[2015.08.04-01.39.54:374][454]LogD3D11RHI: InitD3DDevice
[2015.08.04-01.39.55:147][546]LogD3D11RHI: InitD3DDevice
[2015.08.04-01.39.55:300][564]LogD3D11RHI: InitD3DDevice
[2015.08.04-01.39.56:223][672]LogD3D11RHI: InitD3DDevice
[2015.08.04-01.39.56:785][738]LogD3D11RHI: InitD3DDevice
[2015.08.04-01.39.57:748][853]LogD3D11RHI: InitD3DDevice
[2015.08.04-01.39.58:733][971]LogD3D11RHI: InitD3DDevice
[2015.08.04-01.40.00:744][207]LogD3D11RHI: InitD3DDevice
[2015.08.04-01.40.08:110][ 80]LogActorComponent: UnregisterComponent: (/Engine/Transient.CharMoveComp) Not registered. Aborting.
[2015.08.04-01.40.08:127][ 80]LogD3D11RHI: InitD3DDevice
[2015.08.04-01.40.08:134][ 80]Cmd: OBJ SAVEPACKAGE PACKAGE="/Game/Projeto/UMG/Menu_Principal" FILE="C:/Users/JPDante/Documents/Unreal Projects/ProjetoNovaInvision/Content/Projeto/UMG/Menu_Principal.uasset" SILENT=true
[2015.08.04-01.40.08:165][ 80]LogSavePackage: Save=29.787573ms
[2015.08.04-01.40.08:165][ 80]LogSavePackage: Moving 'C:/Users/JPDante/Documents/Unreal Projects/ProjetoNovaInvision/Saved/Menu_Principal2E8EA3A547BAD0CF141B74B63FDAF389.tmp' to 'C:/Users/JPDante/Documents/Unreal Projects/ProjetoNovaInvision/Content/Projeto/UMG/Menu_Principal.uasset'
[2015.08.04-01.40.08:834][160]LogD3D11RHI: InitD3DDevice
[2015.08.04-01.40.08:897][160]LogD3D11RHI: InitD3DDevice
[2015.08.04-01.40.09:000][160]LogLinker:Warning: Asset '../../../Engine/Content/ArtTools/RenderToTexture/Macros/RenderToTextureMacros.uasset' has been saved with empty engine version. The asset will be loaded but may be incompatible.
[2015.08.04-01.40.09:046][160]LogLinker:Warning: Asset '../../../Engine/Content/ArtTools/RenderToTexture/Enums/RenderToTexture_Enum.uasset' has been saved with empty engine version. The asset will be loaded but may be incompatible.
[2015.08.04-01.45.42:690][660]LogParticles: Destroying 0 GPU particle simulations for FXSystem 0x00000000259D9120
[2015.08.04-01.45.42:690][660]LogParticles: Destroying 0 GPU particle simulations for FXSystem 0x00000000259D8B80
[2015.08.04-01.45.42:978][661]Cmd: QUIT_EDITOR
[2015.08.04-01.45.43:175][661]LogExit: Preparing to exit.
[2015.08.04-01.45.43:693][661]LogExit: Editor shut down
[2015.08.04-01.45.43:693][661]LogExit: Transaction tracking system shut down
[2015.08.04-01.45.43:695][661]LogParticles: Destroying 0 GPU particle simulations for FXSystem 0x00000000259DB9C0
[2015.08.04-01.45.43:695][661]LogParticles: Destroying 0 GPU particle simulations for FXSystem 0x000000002A0D2480
[2015.08.04-01.45.43:696][661]LogParticles: Destroying 0 GPU particle simulations for FXSystem 0x000000000ED1B9C0
[2015.08.04-01.45.43:809][661]LogExit: Object subsystem successfully closed.
[2015.08.04-01.45.43:826][661]LogD3D11RHI: Shutdown
[2015.08.04-01.45.43:826][661]LogD3D11RHI: CleanupD3DDevice
[2015.08.04-01.45.43:852][661]LogD3D11RHI: ~FD3D11DynamicRHI
[2015.08.04-01.45.43:862][661]LogModuleManager: Shutting down and abandoning module SequencerWidgets (189)
[2015.08.04-01.45.43:862][661]LogModuleManager: Shutting down and abandoning module CrashTracker (188)
[2015.08.04-01.45.43:862][661]LogModuleManager: Shutting down and abandoning module SceneOutliner (187)
[2015.08.04-01.45.43:862][661]LogModuleManager: Shutting down and abandoning module SuperSearch (186)
[2015.08.04-01.45.43:862][661]LogModuleManager: Shutting down and abandoning module WidgetCarousel (185)
[2015.08.04-01.45.43:862][661]LogModuleManager: Shutting down and abandoning module AddContentDialog (184)
[2015.08.04-01.45.43:884][661]LogModuleManager: Shutting down and abandoning module EditorWidgets (183)
[2015.08.04-01.45.43:884][661]LogModuleManager: Shutting down and abandoning module CollectionManager (182)
[2015.08.04-01.45.43:884][661]LogModuleManager: Shutting down and abandoning module StatsViewer (181)
[2015.08.04-01.45.43:884][661]LogModuleManager: Shutting down and abandoning module FoliageEdit (180)
[2015.08.04-01.45.43:884][661]LogModuleManager: Shutting down and abandoning module LandscapeEditor (179)
[2015.08.04-01.45.43:885][661]LogModuleManager: Shutting down and abandoning module ActorPickerMode (178)
[2015.08.04-01.45.43:885][661]LogModuleManager: Shutting down and abandoning module GeometryMode (177)
[2015.08.04-01.45.43:885][661]LogModuleManager: Shutting down and abandoning module TextureAlignMode (176)
[2015.08.04-01.45.43:885][661]LogModuleManager: Shutting down and abandoning module BspMode (175)
[2015.08.04-01.45.43:885][661]LogModuleManager: Shutting down and abandoning module PlacementMode (174)
[2015.08.04-01.45.43:885][661]LogModuleManager: Shutting down and abandoning module AutomationWorker (173)
[2015.08.04-01.45.43:885][661]LogModuleManager: Shutting down and abandoning module CharacterAI (172)
[2015.08.04-01.45.43:885][661]LogModuleManager: Shutting down and abandoning module SmartSnapping (171)
[2015.08.04-01.45.43:885][661]LogModuleManager: Shutting down and abandoning module ViewportSnapping (170)
[2015.08.04-01.45.43:885][661]LogModuleManager: Shutting down and abandoning module LogVisualizer (169)
[2015.08.04-01.45.43:885][661]LogModuleManager: Shutting down and abandoning module GameProjectGeneration (168)
[2015.08.04-01.45.43:885][661]LogModuleManager: Shutting down and abandoning module IntroTutorials (167)
[2015.08.04-01.45.43:885][661]LogModuleManager: Shutting down and abandoning module EditorLiveStreaming (166)
[2015.08.04-01.45.43:885][661]LogModuleManager: Shutting down and abandoning module IOSPlatformEditor (165)
[2015.08.04-01.45.43:885][661]LogModuleManager: Shutting down and abandoning module HTML5PlatformEditor (164)
[2015.08.04-01.45.43:885][661]LogModuleManager: Shutting down and abandoning module AndroidDeviceDetection (163)
[2015.08.04-01.45.44:676][661]LogModuleManager: Shutting down and abandoning module AndroidPlatformEditor (162)
[2015.08.04-01.45.44:676][661]LogModuleManager: Shutting down and abandoning module IOSRuntimeSettings (161)
[2015.08.04-01.45.44:676][661]LogModuleManager: Shutting down and abandoning module AndroidRuntimeSettings (160)
[2015.08.04-01.45.44:676][661]LogModuleManager: Shutting down and abandoning module MergeActors (159)
[2015.08.04-01.45.44:676][661]LogModuleManager: Shutting down and abandoning module SizeMap (158)
[2015.08.04-01.45.44:676][661]LogModuleManager: Shutting down and abandoning module TreeMap (157)
[2015.08.04-01.45.44:676][661]LogModuleManager: Shutting down and abandoning module ReferenceViewer (156)
[2015.08.04-01.45.44:676][661]LogModuleManager: Shutting down and abandoning module LocalizationDashboard (155)
[2015.08.04-01.45.44:676][661]LogModuleManager: Shutting down and abandoning module HardwareTargeting (154)
[2015.08.04-01.45.44:676][661]LogModuleManager: Shutting down and abandoning module DeviceProfileEditor (153)
[2015.08.04-01.45.44:676][661]LogModuleManager: Shutting down and abandoning module UndoHistory (152)
[2015.08.04-01.45.44:676][661]LogModuleManager: Shutting down and abandoning module GameplayTagsEditor (151)
[2015.08.04-01.45.44:676][661]LogModuleManager: Shutting down and abandoning module UserFeedback (150)
[2015.08.04-01.45.44:676][661]LogModuleManager: Shutting down and abandoning module XmlParser (149)
[2015.08.04-01.45.44:676][661]LogModuleManager: Shutting down and abandoning module Blutility (148)
[2015.08.04-01.45.44:676][661]LogModuleManager: Shutting down and abandoning module ProjectTargetPlatformEditor (147)
[2015.08.04-01.45.44:676][661]LogModuleManager: Shutting down and abandoning module ProjectSettingsViewer (146)
[2015.08.04-01.45.44:676][661]LogModuleManager: Shutting down and abandoning module InputBindingEditor (145)
[2015.08.04-01.45.44:676][661]LogModuleManager: Shutting down and abandoning module EditorSettingsViewer (144)
[2015.08.04-01.45.44:676][661]LogModuleManager: Shutting down and abandoning module SettingsEditor (143)
[2015.08.04-01.45.44:676][661]LogModuleManager: Shutting down and abandoning module ProjectLauncher (142)
[2015.08.04-01.45.44:676][661]LogModuleManager: Shutting down and abandoning module SessionFrontend (141)
[2015.08.04-01.45.44:676][661]LogModuleManager: Shutting down and abandoning module ProfilerClient (140)
[2015.08.04-01.45.44:676][661]LogModuleManager: Shutting down and abandoning module TargetDeviceServices (139)
[2015.08.04-01.45.44:676][661]LogModuleManager: Shutting down and abandoning module DeviceManager (138)
[2015.08.04-01.45.44:676][661]LogModuleManager: Shutting down and abandoning module AutomationController (137)
[2015.08.04-01.45.44:676][661]LogModuleManager: Shutting down and abandoning module AutomationWindow (136)
[2015.08.04-01.45.44:676][661]LogModuleManager: Shutting down and abandoning module Layers (135)
[2015.08.04-01.45.44:676][661]LogModuleManager: Shutting down and abandoning module ComponentVisualizers (134)
[2015.08.04-01.45.44:676][661]LogModuleManager: Shutting down and abandoning module DetailCustomizations (133)
[2015.08.04-01.45.44:676][661]LogModuleManager: Shutting down and abandoning module PackagesDialog (132)
[2015.08.04-01.45.44:676][661]LogModuleManager: Shutting down and abandoning module AssetRegistry (131)
[2015.08.04-01.45.44:771][661]LogModuleManager: Shutting down and abandoning module Persona (130)
[2015.08.04-01.45.44:771][661]LogModuleManager: Shutting down and abandoning module Kismet (129)
[2015.08.04-01.45.44:771][661]LogModuleManager: Shutting down and abandoning module GraphEditor (128)
[2015.08.04-01.45.44:771][661]LogModuleManager: Shutting down and abandoning module ClassViewer (127)
[2015.08.04-01.45.44:771][661]LogModuleManager: Shutting down and abandoning module Toolbox (126)
[2015.08.04-01.45.44:772][661]LogModuleManager: Shutting down and abandoning module ModuleUI (125)
[2015.08.04-01.45.44:772][661]LogModuleManager: Shutting down and abandoning module MovieSceneTools (124)
[2015.08.04-01.45.44:772][661]LogModuleManager: Shutting down and abandoning module OutputLog (123)
[2015.08.04-01.45.44:772][661]LogModuleManager: Shutting down and abandoning module GammaUI (122)
[2015.08.04-01.45.44:772][661]LogModuleManager: Shutting down and abandoning module Documentation (121)
[2015.08.04-01.45.44:772][661]LogModuleManager: Shutting down and abandoning module GameLiveStreaming (120)
[2015.08.04-01.45.44:772][661]LogModuleManager: Shutting down and abandoning module StreamingPauseRendering (119)
[2015.08.04-01.45.44:772][661]LogModuleManager: Shutting down and abandoning module AnalyticsET (118)
[2015.08.04-01.45.44:772][661]LogModuleManager: Shutting down and abandoning module Analytics (117)
[2015.08.04-01.45.44:772][661]LogModuleManager: Shutting down and abandoning module AITestSuite (116)
[2015.08.04-01.45.44:772][661]LogModuleManager: Shutting down and abandoning module GameplayDebugger (115)
[2015.08.04-01.45.44:772][661]LogModuleManager: Shutting down and abandoning module AIModule (114)
[2015.08.04-01.45.44:772][661]LogModuleManager: Shutting down and abandoning module ProfilerService (113)
[2015.08.04-01.45.44:790][661]LogModuleManager: Shutting down and abandoning module TaskGraph (112)
[2015.08.04-01.45.44:790][661]LogModuleManager: Shutting down and abandoning module SlateRemote (111)
[2015.08.04-01.45.44:790][661]LogModuleManager: Shutting down and abandoning module SteamVRController (110)
[2015.08.04-01.45.44:790][661]LogModuleManager: Shutting down and abandoning module SteamVR (109)
[2015.08.04-01.45.44:790][661]LogModuleManager: Shutting down and abandoning module ProceduralMeshComponent (108)
[2015.08.04-01.45.44:790][661]LogModuleManager: Shutting down and abandoning module OculusRift (107)
[2015.08.04-01.45.44:790][661]LogModuleManager: Shutting down and abandoning module LeapMotionController (106)
[2015.08.04-01.45.44:797][661]LogModuleManager: Shutting down and abandoning module CustomMeshComponent (105)
[2015.08.04-01.45.44:797][661]LogModuleManager: Shutting down and abandoning module CableComponent (104)
[2015.08.04-01.45.44:797][661]LogModuleManager: Shutting down and abandoning module MessagingDebugger (103)
[2015.08.04-01.45.44:797][661]LogModuleManager: Shutting down and abandoning module MediaPlayerEditor (102)
[2015.08.04-01.45.44:797][661]LogModuleManager: Shutting down and abandoning module SpeedTreeImporter (101)
[2015.08.04-01.45.44:797][661]LogModuleManager: Shutting down and abandoning module PluginBrowser (100)
[2015.08.04-01.45.44:797][661]LogModuleManager: Shutting down and abandoning module EpicSurvey (99)
[2015.08.04-01.45.44:797][661]LogModuleManager: Shutting down and abandoning module DesktopPlatform (98)
[2015.08.04-01.45.44:797][661]LogModuleManager: Shutting down and abandoning module VisualStudioSourceCodeAccess (97)
[2015.08.04-01.45.44:797][661]LogModuleManager: Shutting down and abandoning module UObjectPlugin (96)
[2015.08.04-01.45.44:797][661]LogModuleManager: Shutting down and abandoning module SubversionSourceControl (95)
[2015.08.04-01.45.44:797][661]LogModuleManager: Shutting down and abandoning module PerforceSourceControl (94)
[2015.08.04-01.45.44:797][661]LogModuleManager: Shutting down and abandoning module SourceControl (93)
[2015.08.04-01.45.44:797][661]LogModuleManager: Shutting down and abandoning module GitSourceControl (92)
[2015.08.04-01.45.44:797][661]LogModuleManager: Shutting down and abandoning module BlankPlugin (91)
[2015.08.04-01.45.44:797][661]LogModuleManager: Shutting down and abandoning module PaperTiledImporter (90)
[2015.08.04-01.45.44:797][661]LogModuleManager: Shutting down and abandoning module PaperSpriteSheetImporter (89)
[2015.08.04-01.45.44:797][661]LogModuleManager: Shutting down and abandoning module MeshPaint (88)
[2015.08.04-01.45.44:797][661]LogModuleManager: Shutting down and abandoning module SlateReflector (87)
[2015.08.04-01.45.44:797][661]LogModuleManager: Shutting down and abandoning module DirectoryWatcher (86)
[2015.08.04-01.45.44:797][661]LogModuleManager: Shutting down and abandoning module HotReload (85)
[2015.08.04-01.45.44:797][661]LogModuleManager: Shutting down and abandoning module MainFrame (84)
[2015.08.04-01.45.44:797][661]LogModuleManager: Shutting down and abandoning module LevelEditor (83)
[2015.08.04-01.45.44:798][661]LogModuleManager: Shutting down and abandoning module ContentBrowser (82)
[2015.08.04-01.45.44:799][661]LogModuleManager: Shutting down and abandoning module Paper2DEditor (81)
[2015.08.04-01.45.44:799][661]LogModuleManager: Shutting down and abandoning module UdpMessaging (80)
[2015.08.04-01.45.44:899][661]LogModuleManager: Shutting down and abandoning module Paper2D (79)
[2015.08.04-01.45.44:899][661]LogModuleManager: Shutting down and abandoning module WindowsMoviePlayer (78)
[2015.08.04-01.45.44:901][661]LogModuleManager: Shutting down and abandoning module Media (77)
[2015.08.04-01.45.44:901][661]LogModuleManager: Shutting down and abandoning module WmfMedia (76)
[2015.08.04-01.45.44:901][661]LogModuleManager: Shutting down and abandoning module OnlineBlueprintSupport (75)
[2015.08.04-01.45.44:901][661]LogModuleManager: Shutting down and abandoning module PropertyEditor (74)
[2015.08.04-01.45.44:901][661]LogModuleManager: Shutting down and abandoning module BehaviorTreeEditor (73)
[2015.08.04-01.45.44:901][661]LogModuleManager: Shutting down and abandoning module FunctionalTesting (72)
[2015.08.04-01.45.44:901][661]LogModuleManager: Shutting down and abandoning module CollisionAnalyzer (71)
[2015.08.04-01.45.44:901][661]LogModuleManager: Shutting down and abandoning module WorkspaceMenuStructure (70)
[2015.08.04-01.45.44:901][661]LogModuleManager: Shutting down and abandoning module MessageLog (69)
[2015.08.04-01.45.44:901][661]LogModuleManager: Shutting down and abandoning module Sequencer (68)
[2015.08.04-01.45.44:901][661]LogModuleManager: Shutting down and abandoning module AssetTools (67)
[2015.08.04-01.45.44:901][661]LogModuleManager: Shutting down and abandoning module UMGEditor (66)
[2015.08.04-01.45.44:901][661]LogModuleManager: Shutting down and abandoning module UMG (65)
[2015.08.04-01.45.44:901][661]LogModuleManager: Shutting down and abandoning module Slate (64)
[2015.08.04-01.45.44:901][661]LogModuleManager: Shutting down and abandoning module EditorStyle (63)
[2015.08.04-01.45.44:903][661]LogModuleManager: Shutting down and abandoning module SessionServices (62)
[2015.08.04-01.45.44:903][661]LogModuleManager: Shutting down and abandoning module SourceCodeAccess (61)
[2015.08.04-01.45.44:903][661]LogModuleManager: Shutting down and abandoning module HeadMountedDisplay (60)
[2015.08.04-01.45.44:903][661]LogModuleManager: Shutting down and abandoning module XAudio2 (59)
[2015.08.04-01.45.44:903][661]LogModuleManager: Shutting down and abandoning module Networking (57)
[2015.08.04-01.45.44:903][661]LogModuleManager: Shutting down and abandoning module Core (56)
[2015.08.04-01.45.44:903][661]LogModuleManager: Shutting down and abandoning module KismetCompiler (55)
[2015.08.04-01.45.44:903][661]LogModuleManager: Shutting down and abandoning module PhysXFormats (54)
[2015.08.04-01.45.44:903][661]LogModuleManager: Shutting down and abandoning module MeshUtilities (53)
[2015.08.04-01.45.44:903][661]LogModuleManager: Shutting down and abandoning module DerivedDataCache (52)
[2015.08.04-01.45.44:969][661]LogDerivedDataCache: Shutdown
[2015.08.04-01.45.44:969][661]LogModuleManager: Shutting down and abandoning module ShaderFormatOpenGL (51)
[2015.08.04-01.45.44:969][661]LogModuleManager: Shutting down and abandoning module ShaderFormatD3D (50)
[2015.08.04-01.45.44:969][661]LogModuleManager: Shutting down and abandoning module MetalShaderFormat (49)
[2015.08.04-01.45.44:969][661]LogModuleManager: Shutting down and abandoning module TextureFormatUncompressed (48)
[2015.08.04-01.45.44:969][661]LogModuleManager: Shutting down and abandoning module TextureFormatPVR (47)
[2015.08.04-01.45.44:969][661]LogModuleManager: Shutting down and abandoning module TextureFormatIntelISPCTexComp (46)
[2015.08.04-01.45.44:969][661]LogModuleManager: Shutting down and abandoning module TextureFormatDXT (45)
[2015.08.04-01.45.44:969][661]LogModuleManager: Shutting down and abandoning module ImageWrapper (44)
[2015.08.04-01.45.44:969][661]LogModuleManager: Shutting down and abandoning module TextureFormatASTC (43)
[2015.08.04-01.45.44:969][661]LogModuleManager: Shutting down and abandoning module TextureFormatAndroid (42)
[2015.08.04-01.45.44:969][661]LogModuleManager: Shutting down and abandoning module AudioFormatOpus (41)
[2015.08.04-01.45.44:969][661]LogModuleManager: Shutting down and abandoning module AudioFormatOgg (40)
[2015.08.04-01.45.44:969][661]LogModuleManager: Shutting down and abandoning module AudioFormatADPCM (39)
[2015.08.04-01.45.44:969][661]LogModuleManager: Shutting down and abandoning module LinuxTargetPlatform (38)
[2015.08.04-01.45.44:969][661]LogModuleManager: Shutting down and abandoning module LinuxServerTargetPlatform (37)
[2015.08.04-01.45.44:969][661]LogModuleManager: Shutting down and abandoning module LinuxNoEditorTargetPlatform (36)
[2015.08.04-01.45.44:969][661]LogModuleManager: Shutting down and abandoning module Messaging (35)
[2015.08.04-01.45.44:969][661]LogModuleManager: Shutting down and abandoning module IOSTargetPlatform (34)
[2015.08.04-01.45.44:969][661]LogModuleManager: Shutting down and abandoning module HTML5TargetPlatform (33)
[2015.08.04-01.45.44:969][661]LogModuleManager: Shutting down and abandoning module Android_PVRTCTargetPlatform (32)
[2015.08.04-01.45.44:969][661]LogModuleManager: Shutting down and abandoning module Android_ETC2TargetPlatform (31)
[2015.08.04-01.45.44:969][661]LogModuleManager: Shutting down and abandoning module Android_ETC1TargetPlatform (30)
[2015.08.04-01.45.44:969][661]LogModuleManager: Shutting down and abandoning module Android_DXTTargetPlatform (29)
[2015.08.04-01.45.44:969][661]LogModuleManager: Shutting down and abandoning module Android_ATCTargetPlatform (28)
[2015.08.04-01.45.44:969][661]LogModuleManager: Shutting down and abandoning module Android_ASTCTargetPlatform (27)
[2015.08.04-01.45.44:969][661]LogModuleManager: Shutting down and abandoning module AndroidTargetPlatform (26)
[2015.08.04-01.45.44:969][661]LogModuleManager: Shutting down and abandoning module WindowsTargetPlatform (25)
[2015.08.04-01.45.44:969][661]LogModuleManager: Shutting down and abandoning module WindowsServerTargetPlatform (24)
[2015.08.04-01.45.44:969][661]LogModuleManager: Shutting down and abandoning module WindowsNoEditorTargetPlatform (23)
[2015.08.04-01.45.44:969][661]LogModuleManager: Shutting down and abandoning module WindowsClientTargetPlatform (22)
[2015.08.04-01.45.44:969][661]LogModuleManager: Shutting down and abandoning module DesktopTargetPlatform (21)
[2015.08.04-01.45.44:969][661]LogModuleManager: Shutting down and abandoning module TargetPlatform (20)
[2015.08.04-01.45.44:969][661]LogModuleManager: Shutting down and abandoning module InputCore (19)
[2015.08.04-01.45.44:969][661]LogModuleManager: Shutting down and abandoning module Settings (18)
[2015.08.04-01.45.44:969][661]LogModuleManager: Shutting down and abandoning module OnlineSubsystem (16)
[2015.08.04-01.45.44:969][661]LogModuleManager: Shutting down and abandoning module HTTP (15)
[2015.08.04-01.45.44:969][661]LogModuleManager: Shutting down and abandoning module ExampleDeviceProfileSelector (14)
[2015.08.04-01.45.44:969][661]LogModuleManager: Shutting down and abandoning module TextureCompressor (13)
[2015.08.04-01.45.44:969][661]LogModuleManager: Shutting down and abandoning module ShaderCore (12)
[2015.08.04-01.45.44:969][661]LogModuleManager: Shutting down and abandoning module Landscape (11)
[2015.08.04-01.45.44:969][661]LogModuleManager: Shutting down and abandoning module SlateRHIRenderer (10)
[2015.08.04-01.45.44:970][661]LogModuleManager: Shutting down and abandoning module OpenGLDrv (9)
[2015.08.04-01.45.44:970][661]LogModuleManager: Shutting down and abandoning module D3D11RHI (8)
[2015.08.04-01.45.44:970][661]LogModuleManager: Shutting down and abandoning module Renderer (7)
[2015.08.04-01.45.44:970][661]LogModuleManager: Shutting down and abandoning module Engine (6)
[2015.08.04-01.45.44:970][661]LogModuleManager: Shutting down and abandoning module CoreUObject (5)
[2015.08.04-01.45.44:971][661]LogModuleManager: Shutting down and abandoning module NetworkFile (4)
[2015.08.04-01.45.44:971][661]LogModuleManager: Shutting down and abandoning module StreamingFile (3)
[2015.08.04-01.45.44:971][661]LogModuleManager: Shutting down and abandoning module SandboxFile (2)
[2015.08.04-01.45.44:971][661]LogModuleManager: Shutting down and abandoning module PakFile (1)
[2015.08.04-01.45.44:971][661]LogExit: Exiting.
[2015.08.04-01.45.44:977][661]Log file closed, 08/03/15 22:45:44
