[2015.08.03-02.55.36:064][  0]Log file open, 08/02/15 23:55:36
[2015.08.03-02.55.36:064][  0]LogInit:Display: Running engine for game: ProjetoNovaInvision
[2015.08.03-02.55.36:064][  0]LogInit:Display: RandInit(-1025611141) SRandInit(-1025611141).
[2015.08.03-02.55.36:064][  0]LogTaskGraph: Started task graph with 4 named threads and 7 total threads.
[2015.08.03-02.55.36:064][  0]LogStats: Stats thread started
[2015.08.03-02.55.36:064][  0]LogInit: Version: 4.8.3-2634408+++depot+UE4-Releases+4.8
[2015.08.03-02.55.36:064][  0]LogInit: API Version: 2579680
[2015.08.03-02.55.36:064][  0]LogInit: Compiled (64-bit): Jul 27 2015 16:24:33
[2015.08.03-02.55.36:064][  0]LogInit: Compiled with Visual C++: 18.00.21005.01
[2015.08.03-02.55.36:064][  0]LogInit: Build Configuration: Development
[2015.08.03-02.55.36:064][  0]LogInit: Branch Name: ++depot+UE4-Releases+4.8
[2015.08.03-02.55.36:064][  0]LogInit: Command line: 
[2015.08.03-02.55.36:064][  0]LogInit: Base directory: D:/Arquivos de Programas/Epic Games/4.8/Engine/Binaries/Win64/
[2015.08.03-02.55.36:064][  0]LogInit: Rocket: 1
[2015.08.03-02.55.36:074][  0]LogInit: Using libcurl 7.41.0
[2015.08.03-02.55.36:074][  0]LogInit:  - built for x86_64-pc-win32
[2015.08.03-02.55.36:074][  0]LogInit:  - supports SSL with WinSSL
[2015.08.03-02.55.36:074][  0]LogInit:  - other features:
[2015.08.03-02.55.36:074][  0]LogInit:      CURL_VERSION_SSL
[2015.08.03-02.55.36:074][  0]LogInit:      CURL_VERSION_IPV6
[2015.08.03-02.55.36:074][  0]LogInit:      CURL_VERSION_ASYNCHDNS
[2015.08.03-02.55.36:074][  0]LogInit:      CURL_VERSION_LARGEFILE
[2015.08.03-02.55.36:074][  0]LogInit:      CURL_VERSION_IDN
[2015.08.03-02.55.36:074][  0]LogInit:  CurlRequestOptions (configurable via config and command line):
[2015.08.03-02.55.36:074][  0]LogInit:  - bVerifyPeer = true  - Libcurl will verify peer certificate
[2015.08.03-02.55.36:074][  0]LogInit:  - bUseHttpProxy = false  - Libcurl will NOT use HTTP proxy
[2015.08.03-02.55.36:074][  0]LogInit:  - bDontReuseConnections = false  - Libcurl will reuse connections
[2015.08.03-02.55.36:074][  0]LogInit:  - CertBundlePath = nullptr  - Libcurl will use whatever was configured at build time.
[2015.08.03-02.55.36:082][  0]LogOnline:Warning: No default platform service specified for OnlineSubsystem
[2015.08.03-02.55.36:090][  0]LogInit: Presizing for 0 objects not considered by GC, pre-allocating 0 bytes.
[2015.08.03-02.55.36:095][  0]LogInit: Object subsystem initialized
[2015.08.03-02.55.36:096][  0]LogConsoleResponse:Warning: Skipping Unknown console variable: 'TranslucentSortAxis = (X=0.000000,Y=-1.000000,Z=0.000000)'
[2015.08.03-02.55.36:096][  0]LogConsoleResponse:Warning:   Found in ini file 'C:/Users/JPDante/Documents/Unreal Projects/ProjetoNovaInvision/Saved/Config/Windows/Engine.ini', in section '[/Script/Engine.RendererSettings]'
[2015.08.03-02.55.36:096][  0]LogConsoleResponse:Warning: Skipping Unknown console variable: 'UIScaleRule = ShortestSide'
[2015.08.03-02.55.36:096][  0]LogConsoleResponse:Warning:   Found in ini file 'C:/Users/JPDante/Documents/Unreal Projects/ProjetoNovaInvision/Saved/Config/Windows/Engine.ini', in section '[/Script/Engine.RendererSettings]'
[2015.08.03-02.55.36:096][  0]LogConsoleResponse:Warning: Skipping Unknown console variable: 'UIScaleCurve = (EditorCurveData=(Keys=),ExternalCurve=None)'
[2015.08.03-02.55.36:096][  0]LogConsoleResponse:Warning:   Found in ini file 'C:/Users/JPDante/Documents/Unreal Projects/ProjetoNovaInvision/Saved/Config/Windows/Engine.ini', in section '[/Script/Engine.RendererSettings]'
[2015.08.03-02.55.36:097][  0]LogInit: Selected Device Profile: [Windows]
[2015.08.03-02.55.36:097][  0]LogInit: Applying CVar settings loaded from the selected device profile: [Windows]
[2015.08.03-02.55.36:101][  0]LogInit: Computer: JPDANTE-PC
[2015.08.03-02.55.36:101][  0]LogInit: User: JPDante
[2015.08.03-02.55.36:101][  0]LogInit: CPU Page size=4096, Cores=4
[2015.08.03-02.55.36:101][  0]LogInit: High frequency timer resolution =3.513623 MHz
[2015.08.03-02.55.36:101][  0]LogMemory: Memory total: Physical=15.9GB (16GB approx)
[2015.08.03-02.55.36:101][  0]LogMemory: Platform Memory Stats for Windows
[2015.08.03-02.55.36:101][  0]LogMemory: Process Physical Memory: 49.93 MB used, 49.93 MB peak
[2015.08.03-02.55.36:101][  0]LogMemory: Process Virtual Memory: 26.29 MB used, 26.29 MB peak
[2015.08.03-02.55.36:101][  0]LogMemory: Physical Memory: 5272.26 MB used, 16325.81 MB total
[2015.08.03-02.55.36:101][  0]LogMemory: Virtual Memory: 285.04 MB used, 8388608.00 MB total
[2015.08.03-02.55.36:240][  0]LogTextLocalizationManager:Warning: Loaded localization resources contain conflicting entries for (Namespace:ContentBrowser, Key:ImportAssetToolTip):
Localization Resource: (D:/Arquivos de Programas/Epic Games/4.8/Engine/Content/Localization/Editor/pt-BR/Editor.locres) Source String Hash: (-630476809) Localized String: (Importar para {0}...)
Localization Resource: (D:/Arquivos de Programas/Epic Games/4.8/Engine/Content/Localization/Editor/pt-BR/Editor.locres) Source String Hash: (1271782899) Localized String: (Importa um ativo do arquivo para essa pasta.)
[2015.08.03-02.55.36:521][  0]LogD3D11RHI: Found D3D11 adapter 0: NVIDIA GeForce GTX 970 (Feature Level 11_0)
[2015.08.03-02.55.36:521][  0]LogD3D11RHI: Adapter has 4008MB of dedicated video memory, 0MB of dedicated system memory, and 7906MB of shared system memory, 1 output[s]
[2015.08.03-02.55.36:521][  0]LogD3D11RHI: Chosen D3D11 Adapter Id = 0
[2015.08.03-02.55.36:524][  0]LogD3D11RHI: InitD3DDevice
[2015.08.03-02.55.36:524][  0]LogD3D11RHI: !Direct3DDevice
[2015.08.03-02.55.36:524][  0]LogRHI: Texture pool is 1361 MB (70% of 1945 MB)
[2015.08.03-02.55.36:532][  0]LogD3D11RHI: Async texture creation enabled
[2015.08.03-02.55.36:544][  0]LogShaderCompilers:Display: Using Local Shader Compiler.
[2015.08.03-02.55.37:206][  0]LogTemp:Display: Loaded TP DesktopTargetPlatform
[2015.08.03-02.55.37:216][  0]LogTemp:Display: Loaded TP WindowsClientTargetPlatform
[2015.08.03-02.55.37:224][  0]LogTemp:Display: Loaded TP WindowsNoEditorTargetPlatform
[2015.08.03-02.55.37:233][  0]LogTemp:Display: Loaded TP WindowsServerTargetPlatform
[2015.08.03-02.55.37:243][  0]LogTemp:Display: Loaded TP WindowsTargetPlatform
[2015.08.03-02.55.37:250][  0]LogTemp:Display: Loaded TP AndroidTargetPlatform
[2015.08.03-02.55.37:258][  0]LogTemp:Display: Loaded TP Android_ASTCTargetPlatform
[2015.08.03-02.55.37:266][  0]LogTemp:Display: Loaded TP Android_ATCTargetPlatform
[2015.08.03-02.55.37:273][  0]LogTemp:Display: Loaded TP Android_DXTTargetPlatform
[2015.08.03-02.55.37:281][  0]LogTemp:Display: Loaded TP Android_ETC1TargetPlatform
[2015.08.03-02.55.37:288][  0]LogTemp:Display: Loaded TP Android_ETC2TargetPlatform
[2015.08.03-02.55.37:296][  0]LogTemp:Display: Loaded TP Android_PVRTCTargetPlatform
[2015.08.03-02.55.37:329][  0]LogTemp:Display: Loaded TP IOSTargetPlatform
[2015.08.03-02.55.37:336][  0]LogTemp:Display: Loaded TP LinuxNoEditorTargetPlatform
[2015.08.03-02.55.37:343][  0]LogTemp:Display: Loaded TP LinuxServerTargetPlatform
[2015.08.03-02.55.37:352][  0]LogTemp:Display: Loaded TP LinuxTargetPlatform
[2015.08.03-02.55.37:352][  0]LogTargetPlatformManager:Display: Building Assets For Windows
[2015.08.03-02.55.37:468][  0]LogDerivedDataCache:Display: Max Cache Size: 512 MB
[2015.08.03-02.55.37:507][  0]LogDerivedDataCache: Loaded boot cache 0.04s 53MB C:/Users/JPDante/AppData/Local/UnrealEngine/4.8/DerivedDataCache/Boot.ddc.
[2015.08.03-02.55.37:507][  0]LogDerivedDataCache:Display: Loaded Boot cache: C:/Users/JPDante/AppData/Local/UnrealEngine/4.8/DerivedDataCache/Boot.ddc
[2015.08.03-02.55.37:507][  0]LogDerivedDataCache: FDerivedDataBackendGraph:  Pak pak cache file C:/Users/JPDante/Documents/Unreal Projects/ProjetoNovaInvision/DerivedDataCache/DDC.ddp not found, will not use a pak cache.
[2015.08.03-02.55.37:507][  0]LogDerivedDataCache: Unable to find inner node Pak for hierarchical cache Hierarchy.
[2015.08.03-02.55.37:507][  0]LogDerivedDataCache: FDerivedDataBackendGraph:  CompressedPak pak cache file C:/Users/JPDante/Documents/Unreal Projects/ProjetoNovaInvision/DerivedDataCache/Compressed.ddp not found, will not use a pak cache.
[2015.08.03-02.55.37:507][  0]LogDerivedDataCache: Unable to find inner node CompressedPak for hierarchical cache Hierarchy.
[2015.08.03-02.55.37:629][  0]LogDerivedDataCache:Display: Pak cache opened for reading ../../../Engine/DerivedDataCache/Compressed.ddp.
[2015.08.03-02.55.37:640][  0]LogDerivedDataCache: Using Local data cache path C:/Users/JPDante/AppData/Local/UnrealEngine/Common/DerivedDataCache: Writable
[2015.08.03-02.55.37:784][  0]LogInit: Selected Device Profile: [Windows]
[2015.08.03-02.55.37:790][  0]ImportText (ComponentSweepMultiTests): Missing closing parenthesis: (RootShapeAsset="/Engine/BasicShapes/Cube.Cube",ShapeType="TriggerCapsule",HitResult=(Time=0.50,Location=(X=-100.000015,Y=0.0,Z=100.000015),ImpactPoint=(X=-50.0,Y=0.0,Z=50.0),Normal=(X=-1.0,Y=-0.0,Z=0.0),ImpactNormal=(X=0.0,Y=0.0,Z=1.0),TraceStart=(X=-200.0,Y=0.0,Z=200.0),TraceEnd=(X=0.0,Y=0.0,Z=0.0))
[2015.08.03-02.55.37:791][  0]ImportText (LineTraceSingleByChannelTests): Missing closing parenthesis: (RootShapeAsset="/Engine/BasicShapes/Cube.Cube",HitResult=(Time=0.50,Location=(X=-100.000015,Y=0.0,Z=100.000015),ImpactPoint=(X=-50.0,Y=0.0,Z=50.0),Normal=(X=-1.0,Y=-0.0,Z=0.0),ImpactNormal=(X=0.0,Y=0.0,Z=1.0),TraceStart=(X=-200.0,Y=0.0,Z=200.0),TraceEnd=(X=0.0,Y=0.0,Z=0.0))
[2015.08.03-02.55.37:808][  0]LogMeshUtilities: No automatic mesh reduction module available
[2015.08.03-02.55.37:808][  0]LogMeshUtilities: No automatic mesh merging module available
[2015.08.03-02.55.38:085][  0]LogInit: WinSock: version 1.1 (2.2), MaxSocks=32767, MaxUdp=65467
[2015.08.03-02.55.38:743][  0]UdpMessaging: Initializing bridge on interface 0.0.0.0:0 to multicast group 230.0.0.1:6666.
[2015.08.03-02.55.38:970][  0]SourceControl: Informações Controle de origem desativado
[2015.08.03-02.55.38:978][  0]SourceControl: Informações Controle de origem desativado
[2015.08.03-02.55.38:984][  0]SourceControl: Informações Controle de origem desativado
[2015.08.03-02.55.38:990][  0]SourceControl: Informações Controle de origem desativado
[2015.08.03-02.55.39:121][  0]LogObj: 26273 objects as part of root set at end of initial load.
[2015.08.03-02.55.39:121][  0]LogUObjectAllocator: 5409248 out of 0 bytes used by permanent object pool.
[2015.08.03-02.55.39:172][  0]LogEngine: Initializing Engine...
[2015.08.03-02.55.39:173][  0]LogHMD: Can't find Oculus library dev build: is proper Runtime installed? Version: 0.6.0.0
[2015.08.03-02.55.39:174][  0]LogHMD:Warning: SteamVR failed to initialize.  Error: 110
[2015.08.03-02.55.39:274][  0]LogAIModule: Creating AISystem for world NewWorld
[2015.08.03-02.55.39:278][  0]LogInit: XAudio2 using 'Fone de ouvido do headset (3- Microsoft LifeChat LX-3000 )' : 2 channels at 44.1 kHz using 16 bits per sample (channel mask 0x3)
[2015.08.03-02.55.39:299][  0]LogInit: FAudioDevice initialized.
[2015.08.03-02.55.39:322][  0]LogDerivedDataCache: Saved boot cache 0.02s 53MB C:/Users/JPDante/AppData/Local/UnrealEngine/4.8/DerivedDataCache/Boot.ddc.
[2015.08.03-02.55.39:325][  0]LogInit: Texture streaming: Disabled
[2015.08.03-02.55.39:339][  0]LogAnalytics: Creating configured Analytics provider AnalyticsET
[2015.08.03-02.55.39:339][  0]LogAnalytics: [UEEditor.Rocket.Release] APIServer = http://et2.epicgames.com/ET2/. AppVersion = 4.8.3-2634408+++depot+UE4-Releases+4.8
[2015.08.03-02.55.39:339][  0]LogAnalytics: [UEEditor.Rocket.Release] SetUserId 4a66fd0540d6b6b144f50c8298ead523|fd05f1f634924f5c925956f93d7f88cc|42df5346-4dcd-44e8-a5bc-d5679f5295e6
[2015.08.03-02.55.39:339][  0]LogAnalytics: [UEEditor.Rocket.Release] AnalyticsET::StartSession
[2015.08.03-02.55.39:353][  0]LogInit: Transaction tracking system initialized
[2015.08.03-02.55.39:423][  0]BlueprintLog: New page: Carregar Editor
[2015.08.03-02.55.39:447][  0]LogAssetRegistry: FAssetRegistry took 0.0094 seconds to start up
[2015.08.03-02.55.39:447][  0]LogDirectoryWatcher:Warning: Failed to begin reading directory changes for ../../../Engine/Plugins/Experimental/CharacterAI/Content/. Error: 0
[2015.08.03-02.55.39:793][  0]LogConsoleManager:Warning: Console variable 'r.VSync' wasn't set ('GameSetting' has a lower priority than 'SystemSettingsIni')
[2015.08.03-02.55.39:794][  0]LogConsoleResponse:Display: 
[2015.08.03-02.55.39:876][  0]LogCook:Display: Done creating registry. It took  0.00s.
[2015.08.03-02.55.39:978][  0]SourceControl: Informações Controle de origem desativado
[2015.08.03-02.55.39:978][  0]Cmd: MAP LOAD FILE="C:/Users/JPDante/Documents/Unreal Projects/ProjetoNovaInvision/Content/Projeto/NewWorld.umap" TEMPLATE=0 SHOWPROGRESS=1 FEATURELEVEL=3
[2015.08.03-02.55.39:979][  0]LightingResults: New page: Compilação de Iluminação
[2015.08.03-02.55.39:986][  0]MapCheck: New page: Verificação de Mapa
[2015.08.03-02.55.39:986][  0]LightingResults: New page: Compilação de Iluminação
[2015.08.03-02.55.39:993][  0]LogParticles: Destroying 0 GPU particle simulations for FXSystem 0x000000001E167B00
[2015.08.03-02.55.40:644][  0]LogAIModule: Creating AISystem for world NewWorld
[2015.08.03-02.55.40:647][  0]LogEditorServer: Finished looking for orphan Actors (0.000 secs)
[2015.08.03-02.55.40:649][  0]Cmd: MAP CHECKDEP NOCLEARLOG
[2015.08.03-02.55.40:679][  0]MapCheck: Informações Map check complete: 0 Error(s), 0 Warning(s), took 30,237ms to complete.
[2015.08.03-02.55.40:679][  0]LogFileHelpers: Loading map 'NewWorld' took 0.701
[2015.08.03-02.55.40:764][  0]LogCollectionManager: Loaded 0 collections in 0.000937 seconds
[2015.08.03-02.55.40:770][  0]LogContentBrowser: Native class hierarchy populated in 0.0053 seconds. Added 1792 classes and 301 folders.
[2015.08.03-02.55.40:795][  0]LogContentBrowser: Native class hierarchy updated for 'WidgetCarousel' in 0.0003 seconds. Added 0 classes and 0 folders.
[2015.08.03-02.55.40:813][  0]LogContentBrowser: Native class hierarchy updated for 'AddContentDialog' in 0.0002 seconds. Added 0 classes and 0 folders.
[2015.08.03-02.55.40:824][  0]LogContentBrowser: Native class hierarchy updated for 'SceneOutliner' in 0.0003 seconds. Added 1 classes and 2 folders.
[2015.08.03-02.55.40:867][  0]LogCrashTracker: Crashtracker disabled due to settings.
[2015.08.03-02.55.40:868][  0]LogD3D11RHI: InitD3DDevice
[2015.08.03-02.55.40:870][  0]LogUObjectGlobals:Warning: Falha ao encontrar objeto “Class Nenhum.”
[2015.08.03-02.55.40:890][  0]LogLoad: Full Startup: 5.79 seconds (BP compile: 0.21 seconds)
[2015.08.03-02.55.40:941][  0]LogContentStreaming: Texture pool size is 0.000000MB
[2015.08.03-02.55.40:956][  0]LogContentStreaming: Texture pool size now 1000 MB
[2015.08.03-02.55.41:095][  0]LogRenderer: Reallocating scene render targets to support 1208x576 (Frame:2).
[2015.08.03-02.55.41:386][  5]LogAssetRegistry: Asset discovery search completed in 1.9488 seconds
[2015.08.03-02.55.47:181][425]LogD3D11RHI: InitD3DDevice
[2015.08.03-02.55.47:696][486]LogPlayLevel: PIE:  No blueprints needed recompiling
[2015.08.03-02.55.47:698][486]PIE: New page: Sessão de PIE : NewWorld (02/08/2015 20:55:47)
[2015.08.03-02.55.47:698][486]LogPlayLevel: Creating play world package: /Game/Projeto/UEDPIE_0_NewWorld
[2015.08.03-02.55.47:700][486]LogPlayLevel: PIE: StaticDuplicateObject took: (0.001210s)
[2015.08.03-02.55.47:700][486]LogAIModule: Creating AISystem for world NewWorld
[2015.08.03-02.55.47:700][486]LogPlayLevel: PIE: World Init took: (0.000708s)
[2015.08.03-02.55.47:700][486]LogPlayLevel: PIE: Created PIE world by copying editor world from /Game/Projeto/NewWorld.NewWorld to /Game/Projeto/UEDPIE_0_NewWorld.NewWorld (0.002065s)
[2015.08.03-02.55.47:700][486]LogActorComponent: UnregisterComponent: (/Engine/Transient.CharMoveComp) Not registered. Aborting.
[2015.08.03-02.55.47:751][486]LogInit: XAudio2 using 'Fone de ouvido do headset (3- Microsoft LifeChat LX-3000 )' : 2 channels at 44.1 kHz using 16 bits per sample (channel mask 0x3)
[2015.08.03-02.55.47:757][486]LogInit: FAudioDevice initialized.
[2015.08.03-02.55.47:798][486]LogWorld: Game class is 'ThirdPersonGameMode_C'
[2015.08.03-02.55.47:800][486]LogWorld: Bringing World /Game/Projeto/UEDPIE_0_NewWorld.NewWorld up for play (max tick rate 0) at 2015.08.02-23.55.47
[2015.08.03-02.55.47:801][486]LogActor:Warning: GameSession /Game/Projeto/UEDPIE_0_NewWorld.NewWorld:PersistentLevel.GameSession_0 has natively added scene component(s), but none of them were set as the actor's RootComponent - picking one arbitrarily
[2015.08.03-02.55.47:801][486]LogActor:Warning: GameNetworkManager /Game/Projeto/UEDPIE_0_NewWorld.NewWorld:PersistentLevel.GameNetworkManager_0 has natively added scene component(s), but none of them were set as the actor's RootComponent - picking one arbitrarily
[2015.08.03-02.55.47:801][486]LogWorld: Bringing up level for play took: 0.000995
[2015.08.03-02.55.47:803][486]PIE: Informações Momento de início de reprodução no editor para /Game/Projeto/UEDPIE_0_NewWorld 1,031
[2015.08.03-02.55.48:954][618]LogParticles: Destroying 0 GPU particle simulations for FXSystem 0x000000000EFD5260
[2015.08.03-02.55.54:702][306]LogD3D11RHI: InitD3DDevice
[2015.08.03-02.55.56:785][551]LogPlayLevel: PIE:  No blueprints needed recompiling
[2015.08.03-02.55.56:785][551]PIE: New page: Sessão de PIE : NewWorld (02/08/2015 20:55:56)
[2015.08.03-02.55.56:786][551]LogPlayLevel: Creating play world package: /Game/Projeto/UEDPIE_0_NewWorld
[2015.08.03-02.55.56:787][551]LogPlayLevel: PIE: StaticDuplicateObject took: (0.001136s)
[2015.08.03-02.55.56:787][551]LogAIModule: Creating AISystem for world NewWorld
[2015.08.03-02.55.56:787][551]LogPlayLevel: PIE: World Init took: (0.000676s)
[2015.08.03-02.55.56:788][551]LogPlayLevel: PIE: Created PIE world by copying editor world from /Game/Projeto/NewWorld.NewWorld to /Game/Projeto/UEDPIE_0_NewWorld.NewWorld (0.001935s)
[2015.08.03-02.55.56:788][551]LogActorComponent: UnregisterComponent: (/Engine/Transient.CharMoveComp) Not registered. Aborting.
[2015.08.03-02.55.56:805][551]LogInit: XAudio2 using 'Fone de ouvido do headset (3- Microsoft LifeChat LX-3000 )' : 2 channels at 44.1 kHz using 16 bits per sample (channel mask 0x3)
[2015.08.03-02.55.56:809][551]LogInit: FAudioDevice initialized.
[2015.08.03-02.55.56:836][551]LogWorld: Game class is 'ThirdPersonGameMode_C'
[2015.08.03-02.55.56:839][551]LogWorld: Bringing World /Game/Projeto/UEDPIE_0_NewWorld.NewWorld up for play (max tick rate 0) at 2015.08.02-23.55.56
[2015.08.03-02.55.56:839][551]LogActor:Warning: GameSession /Game/Projeto/UEDPIE_0_NewWorld.NewWorld:PersistentLevel.GameSession_1 has natively added scene component(s), but none of them were set as the actor's RootComponent - picking one arbitrarily
[2015.08.03-02.55.56:839][551]LogActor:Warning: GameNetworkManager /Game/Projeto/UEDPIE_0_NewWorld.NewWorld:PersistentLevel.GameNetworkManager_1 has natively added scene component(s), but none of them were set as the actor's RootComponent - picking one arbitrarily
[2015.08.03-02.55.56:839][551]LogWorld: Bringing up level for play took: 0.001022
[2015.08.03-02.55.56:841][551]PIE: Informações Momento de início de reprodução no editor para /Game/Projeto/UEDPIE_0_NewWorld 0,069
[2015.08.03-02.55.57:909][674]LogParticles: Destroying 0 GPU particle simulations for FXSystem 0x0000000003BC02C0
[2015.08.03-02.56.07:124][773]LogD3D11RHI: InitD3DDevice
[2015.08.03-02.56.08:687][957]LogPlayLevel: PIE:  No blueprints needed recompiling
[2015.08.03-02.56.08:687][957]PIE: New page: Sessão de PIE : NewWorld (02/08/2015 20:56:08)
[2015.08.03-02.56.08:688][957]LogPlayLevel: Creating play world package: /Game/Projeto/UEDPIE_0_NewWorld
[2015.08.03-02.56.08:689][957]LogPlayLevel: PIE: StaticDuplicateObject took: (0.001402s)
[2015.08.03-02.56.08:689][957]LogAIModule: Creating AISystem for world NewWorld
[2015.08.03-02.56.08:690][957]LogPlayLevel: PIE: World Init took: (0.000793s)
[2015.08.03-02.56.08:690][957]LogPlayLevel: PIE: Created PIE world by copying editor world from /Game/Projeto/NewWorld.NewWorld to /Game/Projeto/UEDPIE_0_NewWorld.NewWorld (0.002317s)
[2015.08.03-02.56.08:705][957]LogInit: XAudio2 using 'Fone de ouvido do headset (3- Microsoft LifeChat LX-3000 )' : 2 channels at 44.1 kHz using 16 bits per sample (channel mask 0x3)
[2015.08.03-02.56.08:710][957]LogInit: FAudioDevice initialized.
[2015.08.03-02.56.08:737][957]LogWorld: Game class is 'ThirdPersonGameMode_C'
[2015.08.03-02.56.08:739][957]LogWorld: Bringing World /Game/Projeto/UEDPIE_0_NewWorld.NewWorld up for play (max tick rate 0) at 2015.08.02-23.56.08
[2015.08.03-02.56.08:739][957]LogActor:Warning: GameSession /Game/Projeto/UEDPIE_0_NewWorld.NewWorld:PersistentLevel.GameSession_2 has natively added scene component(s), but none of them were set as the actor's RootComponent - picking one arbitrarily
[2015.08.03-02.56.08:740][957]LogActor:Warning: GameNetworkManager /Game/Projeto/UEDPIE_0_NewWorld.NewWorld:PersistentLevel.GameNetworkManager_2 has natively added scene component(s), but none of them were set as the actor's RootComponent - picking one arbitrarily
[2015.08.03-02.56.08:740][957]LogWorld: Bringing up level for play took: 0.001304
[2015.08.03-02.56.08:760][957]PIE: Informações Momento de início de reprodução no editor para /Game/Projeto/UEDPIE_0_NewWorld -0,011
[2015.08.03-02.56.13:785][555]LogParticles: Destroying 0 GPU particle simulations for FXSystem 0x000000000FF28CC0
[2015.08.03-02.56.19:046][184]LogD3D11RHI: InitD3DDevice
[2015.08.03-02.56.20:745][184]LogD3D11RHI: InitD3DDevice
[2015.08.03-02.56.20:802][184]Cmd: OBJ SAVEPACKAGE PACKAGE="/Game/Projeto/NewWorld" FILE="C:/Users/JPDante/Documents/Unreal Projects/ProjetoNovaInvision/Content/Projeto/NewWorld.umap" SILENT=true AUTOSAVING=false KEEPDIRTY=false
[2015.08.03-02.56.20:824][184]LogSavePackage: Save=7.151877ms
[2015.08.03-02.56.20:824][184]LogSavePackage: Moving 'C:/Users/JPDante/Documents/Unreal Projects/ProjetoNovaInvision/Saved/NewWorld526736F844BB9BF033397AABF9FDC4C8.tmp' to 'C:/Users/JPDante/Documents/Unreal Projects/ProjetoNovaInvision/Content/Projeto/NewWorld.umap'
[2015.08.03-02.56.20:837][184]LogFileHelpers: Saving map 'NewWorld' took 0.072
[2015.08.03-02.56.21:089][185]Cmd: QUIT_EDITOR
[2015.08.03-02.56.21:296][185]LogExit: Preparing to exit.
[2015.08.03-02.56.21:792][185]LogExit: Editor shut down
[2015.08.03-02.56.21:793][185]LogExit: Transaction tracking system shut down
[2015.08.03-02.56.21:793][185]LogParticles: Destroying 0 GPU particle simulations for FXSystem 0x000000000E9F2160
[2015.08.03-02.56.21:793][185]LogParticles: Destroying 0 GPU particle simulations for FXSystem 0x000000002469B9C0
[2015.08.03-02.56.21:793][185]LogParticles: Destroying 0 GPU particle simulations for FXSystem 0x000000001BB9ECA0
[2015.08.03-02.56.21:883][185]LogExit: Object subsystem successfully closed.
[2015.08.03-02.56.21:898][185]LogD3D11RHI: Shutdown
[2015.08.03-02.56.21:899][185]LogD3D11RHI: CleanupD3DDevice
[2015.08.03-02.56.21:924][185]LogD3D11RHI: ~FD3D11DynamicRHI
[2015.08.03-02.56.21:934][185]LogModuleManager: Shutting down and abandoning module CrashTracker (188)
[2015.08.03-02.56.21:934][185]LogModuleManager: Shutting down and abandoning module SceneOutliner (187)
[2015.08.03-02.56.21:934][185]LogModuleManager: Shutting down and abandoning module SuperSearch (186)
[2015.08.03-02.56.21:934][185]LogModuleManager: Shutting down and abandoning module WidgetCarousel (185)
[2015.08.03-02.56.21:934][185]LogModuleManager: Shutting down and abandoning module AddContentDialog (184)
[2015.08.03-02.56.21:935][185]LogModuleManager: Shutting down and abandoning module EditorWidgets (183)
[2015.08.03-02.56.21:935][185]LogModuleManager: Shutting down and abandoning module CollectionManager (182)
[2015.08.03-02.56.21:935][185]LogModuleManager: Shutting down and abandoning module StatsViewer (181)
[2015.08.03-02.56.21:935][185]LogModuleManager: Shutting down and abandoning module FoliageEdit (180)
[2015.08.03-02.56.21:935][185]LogModuleManager: Shutting down and abandoning module LandscapeEditor (179)
[2015.08.03-02.56.21:935][185]LogModuleManager: Shutting down and abandoning module ActorPickerMode (178)
[2015.08.03-02.56.21:935][185]LogModuleManager: Shutting down and abandoning module GeometryMode (177)
[2015.08.03-02.56.21:935][185]LogModuleManager: Shutting down and abandoning module TextureAlignMode (176)
[2015.08.03-02.56.21:935][185]LogModuleManager: Shutting down and abandoning module BspMode (175)
[2015.08.03-02.56.21:935][185]LogModuleManager: Shutting down and abandoning module PlacementMode (174)
[2015.08.03-02.56.21:935][185]LogModuleManager: Shutting down and abandoning module AutomationWorker (173)
[2015.08.03-02.56.21:935][185]LogModuleManager: Shutting down and abandoning module CharacterAI (172)
[2015.08.03-02.56.21:935][185]LogModuleManager: Shutting down and abandoning module SmartSnapping (171)
[2015.08.03-02.56.21:935][185]LogModuleManager: Shutting down and abandoning module ViewportSnapping (170)
[2015.08.03-02.56.21:935][185]LogModuleManager: Shutting down and abandoning module LogVisualizer (169)
[2015.08.03-02.56.21:935][185]LogModuleManager: Shutting down and abandoning module GameProjectGeneration (168)
[2015.08.03-02.56.21:935][185]LogModuleManager: Shutting down and abandoning module IntroTutorials (167)
[2015.08.03-02.56.21:935][185]LogModuleManager: Shutting down and abandoning module EditorLiveStreaming (166)
[2015.08.03-02.56.21:935][185]LogModuleManager: Shutting down and abandoning module IOSPlatformEditor (165)
[2015.08.03-02.56.21:935][185]LogModuleManager: Shutting down and abandoning module HTML5PlatformEditor (164)
[2015.08.03-02.56.21:935][185]LogModuleManager: Shutting down and abandoning module AndroidDeviceDetection (163)
[2015.08.03-02.56.22:712][185]LogModuleManager: Shutting down and abandoning module AndroidPlatformEditor (162)
[2015.08.03-02.56.22:712][185]LogModuleManager: Shutting down and abandoning module IOSRuntimeSettings (161)
[2015.08.03-02.56.22:712][185]LogModuleManager: Shutting down and abandoning module AndroidRuntimeSettings (160)
[2015.08.03-02.56.22:712][185]LogModuleManager: Shutting down and abandoning module MergeActors (159)
[2015.08.03-02.56.22:712][185]LogModuleManager: Shutting down and abandoning module SizeMap (158)
[2015.08.03-02.56.22:712][185]LogModuleManager: Shutting down and abandoning module TreeMap (157)
[2015.08.03-02.56.22:712][185]LogModuleManager: Shutting down and abandoning module ReferenceViewer (156)
[2015.08.03-02.56.22:712][185]LogModuleManager: Shutting down and abandoning module LocalizationDashboard (155)
[2015.08.03-02.56.22:712][185]LogModuleManager: Shutting down and abandoning module HardwareTargeting (154)
[2015.08.03-02.56.22:712][185]LogModuleManager: Shutting down and abandoning module DeviceProfileEditor (153)
[2015.08.03-02.56.22:712][185]LogModuleManager: Shutting down and abandoning module UndoHistory (152)
[2015.08.03-02.56.22:712][185]LogModuleManager: Shutting down and abandoning module GameplayTagsEditor (151)
[2015.08.03-02.56.22:712][185]LogModuleManager: Shutting down and abandoning module UserFeedback (150)
[2015.08.03-02.56.22:712][185]LogModuleManager: Shutting down and abandoning module XmlParser (149)
[2015.08.03-02.56.22:712][185]LogModuleManager: Shutting down and abandoning module Blutility (148)
[2015.08.03-02.56.22:712][185]LogModuleManager: Shutting down and abandoning module ProjectTargetPlatformEditor (147)
[2015.08.03-02.56.22:712][185]LogModuleManager: Shutting down and abandoning module ProjectSettingsViewer (146)
[2015.08.03-02.56.22:712][185]LogModuleManager: Shutting down and abandoning module InputBindingEditor (145)
[2015.08.03-02.56.22:712][185]LogModuleManager: Shutting down and abandoning module EditorSettingsViewer (144)
[2015.08.03-02.56.22:712][185]LogModuleManager: Shutting down and abandoning module SettingsEditor (143)
[2015.08.03-02.56.22:712][185]LogModuleManager: Shutting down and abandoning module ProjectLauncher (142)
[2015.08.03-02.56.22:712][185]LogModuleManager: Shutting down and abandoning module SessionFrontend (141)
[2015.08.03-02.56.22:712][185]LogModuleManager: Shutting down and abandoning module ProfilerClient (140)
[2015.08.03-02.56.22:712][185]LogModuleManager: Shutting down and abandoning module TargetDeviceServices (139)
[2015.08.03-02.56.22:712][185]LogModuleManager: Shutting down and abandoning module DeviceManager (138)
[2015.08.03-02.56.22:712][185]LogModuleManager: Shutting down and abandoning module AutomationController (137)
[2015.08.03-02.56.22:712][185]LogModuleManager: Shutting down and abandoning module AutomationWindow (136)
[2015.08.03-02.56.22:712][185]LogModuleManager: Shutting down and abandoning module Layers (135)
[2015.08.03-02.56.22:712][185]LogModuleManager: Shutting down and abandoning module ComponentVisualizers (134)
[2015.08.03-02.56.22:712][185]LogModuleManager: Shutting down and abandoning module DetailCustomizations (133)
[2015.08.03-02.56.22:712][185]LogModuleManager: Shutting down and abandoning module PackagesDialog (132)
[2015.08.03-02.56.22:712][185]LogModuleManager: Shutting down and abandoning module AssetRegistry (131)
[2015.08.03-02.56.22:796][185]LogModuleManager: Shutting down and abandoning module Persona (130)
[2015.08.03-02.56.22:796][185]LogModuleManager: Shutting down and abandoning module Kismet (129)
[2015.08.03-02.56.22:796][185]LogModuleManager: Shutting down and abandoning module GraphEditor (128)
[2015.08.03-02.56.22:796][185]LogModuleManager: Shutting down and abandoning module ClassViewer (127)
[2015.08.03-02.56.22:796][185]LogModuleManager: Shutting down and abandoning module Toolbox (126)
[2015.08.03-02.56.22:796][185]LogModuleManager: Shutting down and abandoning module ModuleUI (125)
[2015.08.03-02.56.22:796][185]LogModuleManager: Shutting down and abandoning module MovieSceneTools (124)
[2015.08.03-02.56.22:796][185]LogModuleManager: Shutting down and abandoning module OutputLog (123)
[2015.08.03-02.56.22:796][185]LogModuleManager: Shutting down and abandoning module GammaUI (122)
[2015.08.03-02.56.22:796][185]LogModuleManager: Shutting down and abandoning module Documentation (121)
[2015.08.03-02.56.22:796][185]LogModuleManager: Shutting down and abandoning module GameLiveStreaming (120)
[2015.08.03-02.56.22:796][185]LogModuleManager: Shutting down and abandoning module StreamingPauseRendering (119)
[2015.08.03-02.56.22:796][185]LogModuleManager: Shutting down and abandoning module AnalyticsET (118)
[2015.08.03-02.56.22:796][185]LogModuleManager: Shutting down and abandoning module Analytics (117)
[2015.08.03-02.56.22:796][185]LogModuleManager: Shutting down and abandoning module AITestSuite (116)
[2015.08.03-02.56.22:796][185]LogModuleManager: Shutting down and abandoning module GameplayDebugger (115)
[2015.08.03-02.56.22:796][185]LogModuleManager: Shutting down and abandoning module AIModule (114)
[2015.08.03-02.56.22:796][185]LogModuleManager: Shutting down and abandoning module ProfilerService (113)
[2015.08.03-02.56.22:888][185]LogModuleManager: Shutting down and abandoning module TaskGraph (112)
[2015.08.03-02.56.22:888][185]LogModuleManager: Shutting down and abandoning module SlateRemote (111)
[2015.08.03-02.56.22:888][185]LogModuleManager: Shutting down and abandoning module SteamVRController (110)
[2015.08.03-02.56.22:888][185]LogModuleManager: Shutting down and abandoning module SteamVR (109)
[2015.08.03-02.56.22:888][185]LogModuleManager: Shutting down and abandoning module ProceduralMeshComponent (108)
[2015.08.03-02.56.22:888][185]LogModuleManager: Shutting down and abandoning module OculusRift (107)
[2015.08.03-02.56.22:888][185]LogModuleManager: Shutting down and abandoning module LeapMotionController (106)
[2015.08.03-02.56.22:893][185]LogModuleManager: Shutting down and abandoning module CustomMeshComponent (105)
[2015.08.03-02.56.22:894][185]LogModuleManager: Shutting down and abandoning module CableComponent (104)
[2015.08.03-02.56.22:894][185]LogModuleManager: Shutting down and abandoning module MessagingDebugger (103)
[2015.08.03-02.56.22:894][185]LogModuleManager: Shutting down and abandoning module MediaPlayerEditor (102)
[2015.08.03-02.56.22:894][185]LogModuleManager: Shutting down and abandoning module SpeedTreeImporter (101)
[2015.08.03-02.56.22:894][185]LogModuleManager: Shutting down and abandoning module PluginBrowser (100)
[2015.08.03-02.56.22:894][185]LogModuleManager: Shutting down and abandoning module EpicSurvey (99)
[2015.08.03-02.56.22:894][185]LogModuleManager: Shutting down and abandoning module DesktopPlatform (98)
[2015.08.03-02.56.22:894][185]LogModuleManager: Shutting down and abandoning module VisualStudioSourceCodeAccess (97)
[2015.08.03-02.56.22:894][185]LogModuleManager: Shutting down and abandoning module UObjectPlugin (96)
[2015.08.03-02.56.22:894][185]LogModuleManager: Shutting down and abandoning module SubversionSourceControl (95)
[2015.08.03-02.56.22:894][185]LogModuleManager: Shutting down and abandoning module PerforceSourceControl (94)
[2015.08.03-02.56.22:894][185]LogModuleManager: Shutting down and abandoning module SourceControl (93)
[2015.08.03-02.56.22:894][185]LogModuleManager: Shutting down and abandoning module GitSourceControl (92)
[2015.08.03-02.56.22:894][185]LogModuleManager: Shutting down and abandoning module BlankPlugin (91)
[2015.08.03-02.56.22:894][185]LogModuleManager: Shutting down and abandoning module PaperTiledImporter (90)
[2015.08.03-02.56.22:894][185]LogModuleManager: Shutting down and abandoning module PaperSpriteSheetImporter (89)
[2015.08.03-02.56.22:894][185]LogModuleManager: Shutting down and abandoning module MeshPaint (88)
[2015.08.03-02.56.22:894][185]LogModuleManager: Shutting down and abandoning module SlateReflector (87)
[2015.08.03-02.56.22:894][185]LogModuleManager: Shutting down and abandoning module DirectoryWatcher (86)
[2015.08.03-02.56.22:894][185]LogModuleManager: Shutting down and abandoning module HotReload (85)
[2015.08.03-02.56.22:894][185]LogModuleManager: Shutting down and abandoning module MainFrame (84)
[2015.08.03-02.56.22:894][185]LogModuleManager: Shutting down and abandoning module LevelEditor (83)
[2015.08.03-02.56.22:895][185]LogModuleManager: Shutting down and abandoning module ContentBrowser (82)
[2015.08.03-02.56.22:896][185]LogModuleManager: Shutting down and abandoning module Paper2DEditor (81)
[2015.08.03-02.56.22:896][185]LogModuleManager: Shutting down and abandoning module UdpMessaging (80)
[2015.08.03-02.56.22:996][185]LogModuleManager: Shutting down and abandoning module Paper2D (79)
[2015.08.03-02.56.22:996][185]LogModuleManager: Shutting down and abandoning module WindowsMoviePlayer (78)
[2015.08.03-02.56.22:998][185]LogModuleManager: Shutting down and abandoning module Media (77)
[2015.08.03-02.56.22:998][185]LogModuleManager: Shutting down and abandoning module WmfMedia (76)
[2015.08.03-02.56.22:998][185]LogModuleManager: Shutting down and abandoning module OnlineBlueprintSupport (75)
[2015.08.03-02.56.22:998][185]LogModuleManager: Shutting down and abandoning module PropertyEditor (74)
[2015.08.03-02.56.22:998][185]LogModuleManager: Shutting down and abandoning module BehaviorTreeEditor (73)
[2015.08.03-02.56.22:998][185]LogModuleManager: Shutting down and abandoning module FunctionalTesting (72)
[2015.08.03-02.56.22:998][185]LogModuleManager: Shutting down and abandoning module CollisionAnalyzer (71)
[2015.08.03-02.56.22:998][185]LogModuleManager: Shutting down and abandoning module WorkspaceMenuStructure (70)
[2015.08.03-02.56.22:998][185]LogModuleManager: Shutting down and abandoning module MessageLog (69)
[2015.08.03-02.56.22:998][185]LogModuleManager: Shutting down and abandoning module Sequencer (68)
[2015.08.03-02.56.22:998][185]LogModuleManager: Shutting down and abandoning module AssetTools (67)
[2015.08.03-02.56.22:998][185]LogModuleManager: Shutting down and abandoning module UMGEditor (66)
[2015.08.03-02.56.22:998][185]LogModuleManager: Shutting down and abandoning module UMG (65)
[2015.08.03-02.56.22:998][185]LogModuleManager: Shutting down and abandoning module Slate (64)
[2015.08.03-02.56.22:998][185]LogModuleManager: Shutting down and abandoning module EditorStyle (63)
[2015.08.03-02.56.23:000][185]LogModuleManager: Shutting down and abandoning module SessionServices (62)
[2015.08.03-02.56.23:000][185]LogModuleManager: Shutting down and abandoning module SourceCodeAccess (61)
[2015.08.03-02.56.23:000][185]LogModuleManager: Shutting down and abandoning module HeadMountedDisplay (60)
[2015.08.03-02.56.23:000][185]LogModuleManager: Shutting down and abandoning module XAudio2 (59)
[2015.08.03-02.56.23:000][185]LogModuleManager: Shutting down and abandoning module Networking (57)
[2015.08.03-02.56.23:000][185]LogModuleManager: Shutting down and abandoning module Core (56)
[2015.08.03-02.56.23:000][185]LogModuleManager: Shutting down and abandoning module KismetCompiler (55)
[2015.08.03-02.56.23:000][185]LogModuleManager: Shutting down and abandoning module PhysXFormats (54)
[2015.08.03-02.56.23:000][185]LogModuleManager: Shutting down and abandoning module MeshUtilities (53)
[2015.08.03-02.56.23:000][185]LogModuleManager: Shutting down and abandoning module DerivedDataCache (52)
[2015.08.03-02.56.23:132][185]LogDerivedDataCache: Shutdown
[2015.08.03-02.56.23:132][185]LogModuleManager: Shutting down and abandoning module ShaderFormatOpenGL (51)
[2015.08.03-02.56.23:132][185]LogModuleManager: Shutting down and abandoning module ShaderFormatD3D (50)
[2015.08.03-02.56.23:132][185]LogModuleManager: Shutting down and abandoning module MetalShaderFormat (49)
[2015.08.03-02.56.23:132][185]LogModuleManager: Shutting down and abandoning module TextureFormatUncompressed (48)
[2015.08.03-02.56.23:132][185]LogModuleManager: Shutting down and abandoning module TextureFormatPVR (47)
[2015.08.03-02.56.23:132][185]LogModuleManager: Shutting down and abandoning module TextureFormatIntelISPCTexComp (46)
[2015.08.03-02.56.23:132][185]LogModuleManager: Shutting down and abandoning module TextureFormatDXT (45)
[2015.08.03-02.56.23:132][185]LogModuleManager: Shutting down and abandoning module ImageWrapper (44)
[2015.08.03-02.56.23:132][185]LogModuleManager: Shutting down and abandoning module TextureFormatASTC (43)
[2015.08.03-02.56.23:132][185]LogModuleManager: Shutting down and abandoning module TextureFormatAndroid (42)
[2015.08.03-02.56.23:132][185]LogModuleManager: Shutting down and abandoning module AudioFormatOpus (41)
[2015.08.03-02.56.23:132][185]LogModuleManager: Shutting down and abandoning module AudioFormatOgg (40)
[2015.08.03-02.56.23:132][185]LogModuleManager: Shutting down and abandoning module AudioFormatADPCM (39)
[2015.08.03-02.56.23:132][185]LogModuleManager: Shutting down and abandoning module LinuxTargetPlatform (38)
[2015.08.03-02.56.23:132][185]LogModuleManager: Shutting down and abandoning module LinuxServerTargetPlatform (37)
[2015.08.03-02.56.23:132][185]LogModuleManager: Shutting down and abandoning module LinuxNoEditorTargetPlatform (36)
[2015.08.03-02.56.23:132][185]LogModuleManager: Shutting down and abandoning module Messaging (35)
[2015.08.03-02.56.23:132][185]LogModuleManager: Shutting down and abandoning module IOSTargetPlatform (34)
[2015.08.03-02.56.23:132][185]LogModuleManager: Shutting down and abandoning module HTML5TargetPlatform (33)
[2015.08.03-02.56.23:132][185]LogModuleManager: Shutting down and abandoning module Android_PVRTCTargetPlatform (32)
[2015.08.03-02.56.23:132][185]LogModuleManager: Shutting down and abandoning module Android_ETC2TargetPlatform (31)
[2015.08.03-02.56.23:132][185]LogModuleManager: Shutting down and abandoning module Android_ETC1TargetPlatform (30)
[2015.08.03-02.56.23:132][185]LogModuleManager: Shutting down and abandoning module Android_DXTTargetPlatform (29)
[2015.08.03-02.56.23:132][185]LogModuleManager: Shutting down and abandoning module Android_ATCTargetPlatform (28)
[2015.08.03-02.56.23:132][185]LogModuleManager: Shutting down and abandoning module Android_ASTCTargetPlatform (27)
[2015.08.03-02.56.23:132][185]LogModuleManager: Shutting down and abandoning module AndroidTargetPlatform (26)
[2015.08.03-02.56.23:132][185]LogModuleManager: Shutting down and abandoning module WindowsTargetPlatform (25)
[2015.08.03-02.56.23:132][185]LogModuleManager: Shutting down and abandoning module WindowsServerTargetPlatform (24)
[2015.08.03-02.56.23:132][185]LogModuleManager: Shutting down and abandoning module WindowsNoEditorTargetPlatform (23)
[2015.08.03-02.56.23:132][185]LogModuleManager: Shutting down and abandoning module WindowsClientTargetPlatform (22)
[2015.08.03-02.56.23:132][185]LogModuleManager: Shutting down and abandoning module DesktopTargetPlatform (21)
[2015.08.03-02.56.23:132][185]LogModuleManager: Shutting down and abandoning module TargetPlatform (20)
[2015.08.03-02.56.23:132][185]LogModuleManager: Shutting down and abandoning module InputCore (19)
[2015.08.03-02.56.23:132][185]LogModuleManager: Shutting down and abandoning module Settings (18)
[2015.08.03-02.56.23:132][185]LogModuleManager: Shutting down and abandoning module OnlineSubsystem (16)
[2015.08.03-02.56.23:132][185]LogModuleManager: Shutting down and abandoning module HTTP (15)
[2015.08.03-02.56.23:132][185]LogModuleManager: Shutting down and abandoning module ExampleDeviceProfileSelector (14)
[2015.08.03-02.56.23:132][185]LogModuleManager: Shutting down and abandoning module TextureCompressor (13)
[2015.08.03-02.56.23:132][185]LogModuleManager: Shutting down and abandoning module ShaderCore (12)
[2015.08.03-02.56.23:132][185]LogModuleManager: Shutting down and abandoning module Landscape (11)
[2015.08.03-02.56.23:132][185]LogModuleManager: Shutting down and abandoning module SlateRHIRenderer (10)
[2015.08.03-02.56.23:134][185]LogModuleManager: Shutting down and abandoning module OpenGLDrv (9)
[2015.08.03-02.56.23:134][185]LogModuleManager: Shutting down and abandoning module D3D11RHI (8)
[2015.08.03-02.56.23:134][185]LogModuleManager: Shutting down and abandoning module Renderer (7)
[2015.08.03-02.56.23:134][185]LogModuleManager: Shutting down and abandoning module Engine (6)
[2015.08.03-02.56.23:134][185]LogModuleManager: Shutting down and abandoning module CoreUObject (5)
[2015.08.03-02.56.23:134][185]LogModuleManager: Shutting down and abandoning module NetworkFile (4)
[2015.08.03-02.56.23:134][185]LogModuleManager: Shutting down and abandoning module StreamingFile (3)
[2015.08.03-02.56.23:134][185]LogModuleManager: Shutting down and abandoning module SandboxFile (2)
[2015.08.03-02.56.23:134][185]LogModuleManager: Shutting down and abandoning module PakFile (1)
[2015.08.03-02.56.23:134][185]LogExit: Exiting.
[2015.08.03-02.56.23:135][185]Log file closed, 08/02/15 23:56:23
